{"timestamp": "2026-07-12T15:17:43.379341+00:00", "level": "INFO", "logger": "data_ingestion", "message": "Conductor initializing with metrics tracking...", "pipeline_step": "START"}
{"timestamp": "2026-07-12T15:17:43.382220+00:00", "level": "INFO", "logger": "data_ingestion", "message": "Reading CSV file into memory: users.csv", "pipeline_step": "CSV_EXTRACT"}
{"timestamp": "2026-07-12T15:17:43.405670+00:00", "level": "INFO", "logger": "data_ingestion", "message": "Saved 3,000 rows to data\\raw\\users\\2026-07-12\\users.csv", "pipeline_step": "RAW_SAVE"}
{"timestamp": "2026-07-12T15:17:43.405670+00:00", "level": "INFO", "logger": "data_ingestion", "message": "Reading CSV file into memory: products.csv", "pipeline_step": "CSV_EXTRACT"}
{"timestamp": "2026-07-12T15:17:43.428092+00:00", "level": "INFO", "logger": "data_ingestion", "message": "Saved 728 rows to data\\raw\\products\\2026-07-12\\products.csv", "pipeline_step": "RAW_SAVE"}
{"timestamp": "2026-07-12T15:17:43.428092+00:00", "level": "INFO", "logger": "data_ingestion", "message": "Reading CSV file into memory: reviews.csv", "pipeline_step": "CSV_EXTRACT"}
{"timestamp": "2026-07-12T15:17:43.474909+00:00", "level": "INFO", "logger": "data_ingestion", "message": "Saved 6,327 rows to data\\raw\\reviews\\2026-07-12\\reviews.csv", "pipeline_step": "RAW_SAVE"}
{"timestamp": "2026-07-12T15:17:43.476922+00:00", "level": "INFO", "logger": "data_ingestion", "message": "Reading CSV file into memory: sessions.csv", "pipeline_step": "CSV_EXTRACT"}
{"timestamp": "2026-07-12T15:17:43.531230+00:00", "level": "INFO", "logger": "data_ingestion", "message": "Saved 15,000 rows to data\\raw\\sessions\\2026-07-12\\sessions.csv", "pipeline_step": "RAW_SAVE"}
{"timestamp": "2026-07-12T15:17:43.532242+00:00", "level": "INFO", "logger": "data_ingestion", "message": "Reading CSV file into memory: clickstream.csv", "pipeline_step": "CSV_EXTRACT"}
{"timestamp": "2026-07-12T15:17:43.917278+00:00", "level": "INFO", "logger": "data_ingestion", "message": "Saved 122,114 rows to data\\raw\\clickstream\\2026-07-12\\clickstream.csv", "pipeline_step": "RAW_SAVE"}
{"timestamp": "2026-07-12T15:17:43.917278+00:00", "level": "INFO", "logger": "data_ingestion", "message": "Initiating HTTP GET request to endpoint: https://dummyjson.com/products", "pipeline_step": "API_EXTRACT"}
{"timestamp": "2026-07-12T15:17:44.246738+00:00", "level": "INFO", "logger": "data_ingestion", "message": "Saved JSON payload response out to data\\external\\products_api\\2026-07-12\\products_api.json", "pipeline_step": "EXTERNAL_SAVE"}
{"timestamp": "2026-07-12T15:17:44.247748+00:00", "level": "INFO", "logger": "data_ingestion", "message": "Ingestion cycle complete.", "pipeline_step": "COMPLETE"}
{"timestamp": "2026-07-12T15:23:04.055418+00:00", "level": "INFO", "logger": "data_ingestion", "message": "Initializing Task 4 Data Validation engine...", "pipeline_step": "VALIDATE_START"}
{"timestamp": "2026-07-12T15:23:04.057455+00:00", "level": "INFO", "logger": "data_ingestion", "message": "Profiling raw landing zone data for: [clickstream]", "pipeline_step": "VALIDATE_LOOP"}
{"timestamp": "2026-07-12T15:23:04.317589+00:00", "level": "ERROR", "logger": "data_ingestion", "message": "Dataset [clickstream] failed schema checks: [\"Schema mismatch! Missing expected columns: ['action']\"]"}
{"timestamp": "2026-07-12T15:23:04.317589+00:00", "level": "INFO", "logger": "data_ingestion", "message": "Profiling raw landing zone data for: [products]", "pipeline_step": "VALIDATE_LOOP"}
{"timestamp": "2026-07-12T15:23:04.350012+00:00", "level": "INFO", "logger": "data_ingestion", "message": "Successfully staged validated copy to data/validated/products/"}
{"timestamp": "2026-07-12T15:23:04.350012+00:00", "level": "INFO", "logger": "data_ingestion", "message": "Profiling raw landing zone data for: [reviews]", "pipeline_step": "VALIDATE_LOOP"}
{"timestamp": "2026-07-12T15:23:04.401019+00:00", "level": "INFO", "logger": "data_ingestion", "message": "Successfully staged validated copy to data/validated/reviews/"}
{"timestamp": "2026-07-12T15:23:04.401019+00:00", "level": "INFO", "logger": "data_ingestion", "message": "Profiling raw landing zone data for: [sessions]", "pipeline_step": "VALIDATE_LOOP"}
{"timestamp": "2026-07-12T15:23:04.466530+00:00", "level": "INFO", "logger": "data_ingestion", "message": "Successfully staged validated copy to data/validated/sessions/"}
{"timestamp": "2026-07-12T15:23:04.466530+00:00", "level": "INFO", "logger": "data_ingestion", "message": "Profiling raw landing zone data for: [users]", "pipeline_step": "VALIDATE_LOOP"}
{"timestamp": "2026-07-12T15:23:04.482838+00:00", "level": "INFO", "logger": "data_ingestion", "message": "Successfully staged validated copy to data/validated/users/"}
{"timestamp": "2026-07-12T15:23:04.487219+00:00", "level": "INFO", "logger": "data_ingestion", "message": "Data Quality Report successfully written to: reports/validation_report.json", "pipeline_step": "VALIDATE_END"}
{"timestamp": "2026-07-12T15:25:44.713557+00:00", "level": "INFO", "logger": "data_ingestion", "message": "Initializing Task 4 Data Validation engine...", "pipeline_step": "VALIDATE_START"}
{"timestamp": "2026-07-12T15:25:44.713557+00:00", "level": "INFO", "logger": "data_ingestion", "message": "Profiling raw landing zone data for: [clickstream]", "pipeline_step": "VALIDATE_LOOP"}
{"timestamp": "2026-07-12T15:25:45.220418+00:00", "level": "INFO", "logger": "data_ingestion", "message": "Successfully staged validated copy to data/validated/clickstream/"}
{"timestamp": "2026-07-12T15:25:45.220418+00:00", "level": "INFO", "logger": "data_ingestion", "message": "Profiling raw landing zone data for: [products]", "pipeline_step": "VALIDATE_LOOP"}
{"timestamp": "2026-07-12T15:25:45.250081+00:00", "level": "INFO", "logger": "data_ingestion", "message": "Successfully staged validated copy to data/validated/products/"}
{"timestamp": "2026-07-12T15:25:45.250081+00:00", "level": "INFO", "logger": "data_ingestion", "message": "Profiling raw landing zone data for: [reviews]", "pipeline_step": "VALIDATE_LOOP"}
{"timestamp": "2026-07-12T15:25:45.310056+00:00", "level": "INFO", "logger": "data_ingestion", "message": "Successfully staged validated copy to data/validated/reviews/"}
{"timestamp": "2026-07-12T15:25:45.310056+00:00", "level": "INFO", "logger": "data_ingestion", "message": "Profiling raw landing zone data for: [sessions]", "pipeline_step": "VALIDATE_LOOP"}
{"timestamp": "2026-07-12T15:25:45.376525+00:00", "level": "INFO", "logger": "data_ingestion", "message": "Successfully staged validated copy to data/validated/sessions/"}
{"timestamp": "2026-07-12T15:25:45.376525+00:00", "level": "INFO", "logger": "data_ingestion", "message": "Profiling raw landing zone data for: [users]", "pipeline_step": "VALIDATE_LOOP"}
{"timestamp": "2026-07-12T15:25:45.395011+00:00", "level": "INFO", "logger": "data_ingestion", "message": "Successfully staged validated copy to data/validated/users/"}
{"timestamp": "2026-07-12T15:25:45.395011+00:00", "level": "INFO", "logger": "data_ingestion", "message": "Data Quality Report successfully written to: reports/validation_report.json", "pipeline_step": "VALIDATE_END"}
{"timestamp": "2026-07-12T15:30:46.801075+00:00", "level": "INFO", "logger": "data_ingestion", "message": "Initializing Data Preparation engine...", "pipeline_step": "PREPARE_START"}
{"timestamp": "2026-07-12T15:30:46.807483+00:00", "level": "INFO", "logger": "data_ingestion", "message": "Preparing 'users' dataset...", "pipeline_step": "PREPARE_LOOP"}
{"timestamp": "2026-07-12T15:30:46.854840+00:00", "level": "INFO", "logger": "data_ingestion", "message": "Staged cleaned and prepared users table (3000 rows)."}
{"timestamp": "2026-07-12T15:30:46.854840+00:00", "level": "INFO", "logger": "data_ingestion", "message": "Preparing 'products' dataset...", "pipeline_step": "PREPARE_LOOP"}
{"timestamp": "2026-07-12T15:30:46.901957+00:00", "level": "INFO", "logger": "data_ingestion", "message": "Staged cleaned and prepared products table (728 rows)."}
{"timestamp": "2026-07-12T15:30:46.901957+00:00", "level": "INFO", "logger": "data_ingestion", "message": "Preparing 'reviews' dataset...", "pipeline_step": "PREPARE_LOOP"}
{"timestamp": "2026-07-12T15:30:46.981435+00:00", "level": "INFO", "logger": "data_ingestion", "message": "Staged cleaned and prepared reviews table (6327 rows)."}
{"timestamp": "2026-07-12T15:30:46.981435+00:00", "level": "INFO", "logger": "data_ingestion", "message": "Preparing 'sessions' dataset...", "pipeline_step": "PREPARE_LOOP"}
{"timestamp": "2026-07-12T15:30:47.072921+00:00", "level": "INFO", "logger": "data_ingestion", "message": "Staged cleaned and prepared sessions table (15000 rows)."}
{"timestamp": "2026-07-12T15:30:47.072921+00:00", "level": "INFO", "logger": "data_ingestion", "message": "Data Preparation processing routines executed completely.", "pipeline_step": "PREPARE_END"}
{"timestamp": "2026-07-12T15:34:04.826494+00:00", "level": "INFO", "logger": "data_ingestion", "message": "Initializing Feature Engineering & Database Transformation engine...", "pipeline_step": "FEATURE_START"}
{"timestamp": "2026-07-12T15:34:04.938842+00:00", "level": "INFO", "logger": "data_ingestion", "message": "Calculating aggregate interaction and rating metrics...", "pipeline_step": "FEATURE_ENG"}
{"timestamp": "2026-07-12T15:34:04.971816+00:00", "level": "INFO", "logger": "data_ingestion", "message": "Opening relational database execution connection at: data/warehouse/recomart_warehouse.db", "pipeline_step": "DB_LOAD"}
{"timestamp": "2026-07-12T15:34:05.041628+00:00", "level": "INFO", "logger": "data_ingestion", "message": "Feature engineering transformation and relational database loading cycles completed.", "pipeline_step": "FEATURE_END"}
{"timestamp": "2026-07-12T15:49:05.601548+00:00", "level": "INFO", "logger": "data_ingestion", "message": "Initializing Feature Engineering & Database Transformation engine...", "pipeline_step": "FEATURE_START"}
{"timestamp": "2026-07-12T15:49:05.665258+00:00", "level": "INFO", "logger": "data_ingestion", "message": "Calculating aggregate interaction and rating metrics...", "pipeline_step": "FEATURE_ENG"}
{"timestamp": "2026-07-12T15:49:05.677232+00:00", "level": "INFO", "logger": "data_ingestion", "message": "Opening relational database execution connection at: data/warehouse/recomart_warehouse.db", "pipeline_step": "DB_LOAD"}
{"timestamp": "2026-07-12T15:49:05.731783+00:00", "level": "INFO", "logger": "data_ingestion", "message": "Feature engineering transformation and relational database loading cycles completed.", "pipeline_step": "FEATURE_END"}
{"timestamp": "2026-07-12T15:49:15.229639+00:00", "level": "INFO", "logger": "data_ingestion", "message": "Initializing Data Validation engine...", "pipeline_step": "VALIDATE_START"}
{"timestamp": "2026-07-12T15:49:15.229639+00:00", "level": "INFO", "logger": "data_ingestion", "message": "Profiling raw landing zone data for: [clickstream]", "pipeline_step": "VALIDATE_LOOP"}
{"timestamp": "2026-07-12T15:49:15.755904+00:00", "level": "INFO", "logger": "data_ingestion", "message": "Successfully staged validated copy to data/validated/clickstream/"}
{"timestamp": "2026-07-12T15:49:15.755904+00:00", "level": "INFO", "logger": "data_ingestion", "message": "Profiling raw landing zone data for: [products]", "pipeline_step": "VALIDATE_LOOP"}
{"timestamp": "2026-07-12T15:49:15.785576+00:00", "level": "INFO", "logger": "data_ingestion", "message": "Successfully staged validated copy to data/validated/products/"}
{"timestamp": "2026-07-12T15:49:15.785576+00:00", "level": "INFO", "logger": "data_ingestion", "message": "Profiling raw landing zone data for: [reviews]", "pipeline_step": "VALIDATE_LOOP"}
{"timestamp": "2026-07-12T15:49:15.835973+00:00", "level": "INFO", "logger": "data_ingestion", "message": "Successfully staged validated copy to data/validated/reviews/"}
{"timestamp": "2026-07-12T15:49:15.835973+00:00", "level": "INFO", "logger": "data_ingestion", "message": "Profiling raw landing zone data for: [sessions]", "pipeline_step": "VALIDATE_LOOP"}
{"timestamp": "2026-07-12T15:49:15.899982+00:00", "level": "INFO", "logger": "data_ingestion", "message": "Successfully staged validated copy to data/validated/sessions/"}
{"timestamp": "2026-07-12T15:49:15.899982+00:00", "level": "INFO", "logger": "data_ingestion", "message": "Profiling raw landing zone data for: [users]", "pipeline_step": "VALIDATE_LOOP"}
{"timestamp": "2026-07-12T15:49:15.919569+00:00", "level": "INFO", "logger": "data_ingestion", "message": "Successfully staged validated copy to data/validated/users/"}
{"timestamp": "2026-07-12T15:49:15.920570+00:00", "level": "INFO", "logger": "data_ingestion", "message": "Data Quality Report successfully written to: reports/validation_report.json", "pipeline_step": "VALIDATE_END"}
{"timestamp": "2026-07-12T15:49:49.792524+00:00", "level": "INFO", "logger": "data_ingestion", "message": "Initializing Feast Feature Store Registry routine...", "pipeline_step": "FEATURE_STORE_APPLY"}
{"timestamp": "2026-07-12T15:55:03.006092+00:00", "level": "INFO", "logger": "data_ingestion", "message": "Initializing Feast Feature Store Registry routine...", "pipeline_step": "FEATURE_STORE_APPLY"}
{"timestamp": "2026-07-12T15:59:59.623543+00:00", "level": "INFO", "logger": "data_ingestion", "message": "Initializing Feast Feature Store Registry routine...", "pipeline_step": "FEATURE_STORE_APPLY"}
{"timestamp": "2026-07-12T16:00:07.235713+00:00", "level": "INFO", "logger": "data_ingestion", "message": "Registering entities and feature view definitions..."}
{"timestamp": "2026-07-12T16:01:43.704913+00:00", "level": "INFO", "logger": "data_ingestion", "message": "Initializing Feast Feature Store Registry routine...", "pipeline_step": "FEATURE_STORE_APPLY"}
{"timestamp": "2026-07-12T16:01:44.124415+00:00", "level": "INFO", "logger": "data_ingestion", "message": "Registering entities and feature view definitions..."}
{"timestamp": "2026-07-12T16:02:19.520238+00:00", "level": "INFO", "logger": "data_ingestion", "message": "Initializing Feast Feature Store Registry routine...", "pipeline_step": "FEATURE_STORE_APPLY"}
{"timestamp": "2026-07-12T16:02:19.939815+00:00", "level": "INFO", "logger": "data_ingestion", "message": "Registering entities and feature view definitions..."}
{"timestamp": "2026-07-12T16:03:38.311742+00:00", "level": "INFO", "logger": "data_ingestion", "message": "Initializing Feast Feature Store Registry routine...", "pipeline_step": "FEATURE_STORE_APPLY"}
{"timestamp": "2026-07-12T16:03:49.038437+00:00", "level": "INFO", "logger": "data_ingestion", "message": "Registering entities and feature view definitions..."}
{"timestamp": "2026-07-12T16:12:44.630302+00:00", "level": "INFO", "logger": "data_ingestion", "message": "Initializing Feast Feature Store Registry routine...", "pipeline_step": "FEATURE_STORE_APPLY"}
{"timestamp": "2026-07-12T16:12:45.063545+00:00", "level": "INFO", "logger": "data_ingestion", "message": "Registering entities and feature view definitions..."}
{"timestamp": "2026-07-12T16:18:49.424129+00:00", "level": "INFO", "logger": "data_ingestion", "message": "Initializing Custom Feature Store Registry Engine...", "pipeline_step": "STORE_START"}
{"timestamp": "2026-07-12T16:18:49.518558+00:00", "level": "INFO", "logger": "data_ingestion", "message": "Custom Feature Store orchestration cycle completed successfully.", "pipeline_step": "STORE_COMPLETE"}
{"timestamp": "2026-07-12T16:30:39.091864+00:00", "level": "INFO", "logger": "data_ingestion", "message": "Compiling project data lineage graph map...", "pipeline_step": "LINEAGE_MAP"}
{"timestamp": "2026-07-12T16:33:56.553986+00:00", "level": "INFO", "logger": "data_ingestion", "message": "Initializing Task 9 Recommendation Model Training pipeline...", "pipeline_step": "TRAIN_START"}
{"timestamp": "2026-07-12T16:34:08.086179+00:00", "level": "INFO", "logger": "data_ingestion", "message": "Training Popularity Baseline model variant...", "pipeline_step": "TRAIN_POPULARITY"}
{"timestamp": "2026-07-12T16:34:09.210201+00:00", "level": "INFO", "logger": "data_ingestion", "message": "Popularity Baseline Metrics logged -> Precision: 0.0056, Recall: 0.0114"}
{"timestamp": "2026-07-12T16:34:09.233298+00:00", "level": "INFO", "logger": "data_ingestion", "message": "Training Content-Based TF-IDF Similarity engine...", "pipeline_step": "TRAIN_CONTENT"}
{"timestamp": "2026-07-12T16:34:12.702132+00:00", "level": "INFO", "logger": "data_ingestion", "message": "Model training suite and MLflow tracking complete.", "pipeline_step": "TRAIN_COMPLETE"}
{"timestamp": "2026-07-12T16:38:19.091564+00:00", "level": "INFO", "logger": "data_ingestion", "message": "Initializing Task 9 Recommendation Model Training pipeline...", "pipeline_step": "TRAIN_START"}
{"timestamp": "2026-07-12T16:38:20.191481+00:00", "level": "INFO", "logger": "data_ingestion", "message": "Training Popularity Baseline model variant...", "pipeline_step": "TRAIN_POPULARITY"}
{"timestamp": "2026-07-12T16:38:21.118329+00:00", "level": "INFO", "logger": "data_ingestion", "message": "Popularity Baseline Metrics logged -> Precision: 0.0056, Recall: 0.0114"}
{"timestamp": "2026-07-12T16:38:21.140260+00:00", "level": "INFO", "logger": "data_ingestion", "message": "Training Content-Based TF-IDF Similarity engine...", "pipeline_step": "TRAIN_CONTENT"}
{"timestamp": "2026-07-12T16:42:39.984937+00:00", "level": "INFO", "logger": "data_ingestion", "message": "Initializing Feature Engineering & Database Transformation engine...", "pipeline_step": "FEATURE_START"}
{"timestamp": "2026-07-12T16:42:40.103675+00:00", "level": "INFO", "logger": "data_ingestion", "message": "Calculating aggregate interaction and rating metrics...", "pipeline_step": "FEATURE_ENG"}
{"timestamp": "2026-07-12T16:42:40.126760+00:00", "level": "INFO", "logger": "data_ingestion", "message": "Opening relational database execution connection at: data/warehouse/recomart_warehouse.db", "pipeline_step": "DB_LOAD"}
{"timestamp": "2026-07-12T16:42:40.181323+00:00", "level": "INFO", "logger": "data_ingestion", "message": "Feature engineering transformation and relational database loading cycles completed.", "pipeline_step": "FEATURE_END"}
{"timestamp": "2026-07-12T16:42:51.474120+00:00", "level": "INFO", "logger": "data_ingestion", "message": "Initializing Task 9 Recommendation Model Training pipeline...", "pipeline_step": "TRAIN_START"}
{"timestamp": "2026-07-12T16:42:52.607891+00:00", "level": "INFO", "logger": "data_ingestion", "message": "Training Popularity Baseline model variant...", "pipeline_step": "TRAIN_POPULARITY"}
{"timestamp": "2026-07-12T16:42:53.558195+00:00", "level": "INFO", "logger": "data_ingestion", "message": "Popularity Baseline Metrics logged -> Precision: 0.0056, Recall: 0.0114"}
{"timestamp": "2026-07-12T16:42:53.576894+00:00", "level": "INFO", "logger": "data_ingestion", "message": "Training Content-Based TF-IDF Similarity engine...", "pipeline_step": "TRAIN_CONTENT"}
{"timestamp": "2026-07-12T16:42:55.895499+00:00", "level": "INFO", "logger": "data_ingestion", "message": "Model training suite and MLflow tracking complete.", "pipeline_step": "TRAIN_COMPLETE"}
{"timestamp": "2026-07-12T16:44:36.825577+00:00", "level": "INFO", "logger": "data_ingestion", "message": "Initializing Task 9 Recommendation Model Training pipeline...", "pipeline_step": "TRAIN_START"}
{"timestamp": "2026-07-12T16:44:37.921115+00:00", "level": "INFO", "logger": "data_ingestion", "message": "Training Popularity Baseline model variant...", "pipeline_step": "TRAIN_POPULARITY"}
{"timestamp": "2026-07-12T16:44:38.889170+00:00", "level": "INFO", "logger": "data_ingestion", "message": "Popularity Baseline Metrics logged -> Precision: 0.0056, Recall: 0.0114"}
{"timestamp": "2026-07-12T16:44:38.911268+00:00", "level": "INFO", "logger": "data_ingestion", "message": "Training Content-Based TF-IDF Similarity engine...", "pipeline_step": "TRAIN_CONTENT"}
{"timestamp": "2026-07-12T16:44:41.248440+00:00", "level": "INFO", "logger": "data_ingestion", "message": "Model training suite and MLflow tracking complete.", "pipeline_step": "TRAIN_COMPLETE"}
{"timestamp": "2026-07-12T16:44:41.345901+00:00", "level": "INFO", "logger": "data_ingestion", "message": "Verification step complete: Core engine successfully outputs recommendations."}
{"timestamp": "2026-07-12T17:43:33.118623+00:00", "level": "INFO", "logger": "data_ingestion", "message": "Prefect orchestration flow initializing sequential steps...", "pipeline_step": "DAG_START"}
{"timestamp": "2026-07-12T17:43:33.485974+00:00", "level": "INFO", "logger": "data_ingestion", "message": "[Prefect Task] Running Data Ingestion sub-routine..."}
{"timestamp": "2026-07-12T17:43:33.489021+00:00", "level": "INFO", "logger": "data_ingestion", "message": "Conductor initializing with metrics tracking...", "pipeline_step": "START"}
{"timestamp": "2026-07-12T17:43:33.494670+00:00", "level": "INFO", "logger": "data_ingestion", "message": "Reading CSV file into memory: users.csv", "pipeline_step": "CSV_EXTRACT"}
{"timestamp": "2026-07-12T17:43:33.662394+00:00", "level": "INFO", "logger": "data_ingestion", "message": "Saved 3,000 rows to data\\raw\\users\\2026-07-12\\users.csv", "pipeline_step": "RAW_SAVE"}
{"timestamp": "2026-07-12T17:43:33.674902+00:00", "level": "INFO", "logger": "data_ingestion", "message": "Reading CSV file into memory: products.csv", "pipeline_step": "CSV_EXTRACT"}
{"timestamp": "2026-07-12T17:43:33.707543+00:00", "level": "INFO", "logger": "data_ingestion", "message": "Saved 728 rows to data\\raw\\products\\2026-07-12\\products.csv", "pipeline_step": "RAW_SAVE"}
{"timestamp": "2026-07-12T17:43:33.709883+00:00", "level": "INFO", "logger": "data_ingestion", "message": "Reading CSV file into memory: reviews.csv", "pipeline_step": "CSV_EXTRACT"}
{"timestamp": "2026-07-12T17:43:33.790258+00:00", "level": "INFO", "logger": "data_ingestion", "message": "Saved 6,327 rows to data\\raw\\reviews\\2026-07-12\\reviews.csv", "pipeline_step": "RAW_SAVE"}
{"timestamp": "2026-07-12T17:43:33.792984+00:00", "level": "INFO", "logger": "data_ingestion", "message": "Reading CSV file into memory: sessions.csv", "pipeline_step": "CSV_EXTRACT"}
{"timestamp": "2026-07-12T17:43:33.881494+00:00", "level": "INFO", "logger": "data_ingestion", "message": "Saved 15,000 rows to data\\raw\\sessions\\2026-07-12\\sessions.csv", "pipeline_step": "RAW_SAVE"}
{"timestamp": "2026-07-12T17:43:33.881494+00:00", "level": "INFO", "logger": "data_ingestion", "message": "Reading CSV file into memory: clickstream.csv", "pipeline_step": "CSV_EXTRACT"}
{"timestamp": "2026-07-12T17:43:34.583445+00:00", "level": "INFO", "logger": "data_ingestion", "message": "Saved 122,114 rows to data\\raw\\clickstream\\2026-07-12\\clickstream.csv", "pipeline_step": "RAW_SAVE"}
{"timestamp": "2026-07-12T17:43:34.603255+00:00", "level": "INFO", "logger": "data_ingestion", "message": "Initiating HTTP GET request to endpoint: https://dummyjson.com/products", "pipeline_step": "API_EXTRACT"}
{"timestamp": "2026-07-12T17:43:34.990362+00:00", "level": "INFO", "logger": "data_ingestion", "message": "Saved JSON payload response out to data\\external\\products_api\\2026-07-12\\products_api.json", "pipeline_step": "EXTERNAL_SAVE"}
{"timestamp": "2026-07-12T17:43:34.996900+00:00", "level": "INFO", "logger": "data_ingestion", "message": "Ingestion cycle complete.", "pipeline_step": "COMPLETE"}
{"timestamp": "2026-07-12T17:43:35.016295+00:00", "level": "INFO", "logger": "data_ingestion", "message": "[Prefect Task] Running Data Validation checks & compiling PDF..."}
{"timestamp": "2026-07-12T17:43:35.022521+00:00", "level": "INFO", "logger": "data_ingestion", "message": "Initializing Data Validation engine...", "pipeline_step": "VALIDATE_START"}
{"timestamp": "2026-07-12T17:43:35.022521+00:00", "level": "INFO", "logger": "data_ingestion", "message": "Profiling raw landing zone data for: [clickstream]", "pipeline_step": "VALIDATE_LOOP"}
{"timestamp": "2026-07-12T17:43:35.761144+00:00", "level": "INFO", "logger": "data_ingestion", "message": "Successfully staged validated copy to data/validated/clickstream/"}
{"timestamp": "2026-07-12T17:43:35.761144+00:00", "level": "INFO", "logger": "data_ingestion", "message": "Profiling raw landing zone data for: [products]", "pipeline_step": "VALIDATE_LOOP"}
{"timestamp": "2026-07-12T17:43:35.851316+00:00", "level": "INFO", "logger": "data_ingestion", "message": "Successfully staged validated copy to data/validated/products/"}
{"timestamp": "2026-07-12T17:43:35.851316+00:00", "level": "INFO", "logger": "data_ingestion", "message": "Profiling raw landing zone data for: [reviews]", "pipeline_step": "VALIDATE_LOOP"}
{"timestamp": "2026-07-12T17:43:35.942030+00:00", "level": "INFO", "logger": "data_ingestion", "message": "Successfully staged validated copy to data/validated/reviews/"}
{"timestamp": "2026-07-12T17:43:35.942030+00:00", "level": "INFO", "logger": "data_ingestion", "message": "Profiling raw landing zone data for: [sessions]", "pipeline_step": "VALIDATE_LOOP"}
{"timestamp": "2026-07-12T17:43:36.065105+00:00", "level": "INFO", "logger": "data_ingestion", "message": "Successfully staged validated copy to data/validated/sessions/"}
{"timestamp": "2026-07-12T17:43:36.067120+00:00", "level": "INFO", "logger": "data_ingestion", "message": "Profiling raw landing zone data for: [users]", "pipeline_step": "VALIDATE_LOOP"}
{"timestamp": "2026-07-12T17:43:36.149218+00:00", "level": "INFO", "logger": "data_ingestion", "message": "Successfully staged validated copy to data/validated/users/"}
{"timestamp": "2026-07-12T17:43:36.155418+00:00", "level": "INFO", "logger": "data_ingestion", "message": "Data Quality Report successfully written to: reports/validation_report.json", "pipeline_step": "VALIDATE_END"}
{"timestamp": "2026-07-12T17:43:36.166300+00:00", "level": "INFO", "logger": "data_ingestion", "message": "[Prefect Task] Running Data Cleansing & Normalization scaling..."}
{"timestamp": "2026-07-12T17:43:36.167894+00:00", "level": "INFO", "logger": "data_ingestion", "message": "Initializing Data Preparation engine...", "pipeline_step": "PREPARE_START"}
{"timestamp": "2026-07-12T17:43:36.168207+00:00", "level": "INFO", "logger": "data_ingestion", "message": "Preparing 'users' dataset...", "pipeline_step": "PREPARE_LOOP"}
{"timestamp": "2026-07-12T17:43:36.243275+00:00", "level": "INFO", "logger": "data_ingestion", "message": "Staged cleaned and prepared users table (3000 rows)."}
{"timestamp": "2026-07-12T17:43:36.243275+00:00", "level": "INFO", "logger": "data_ingestion", "message": "Preparing 'products' dataset...", "pipeline_step": "PREPARE_LOOP"}
{"timestamp": "2026-07-12T17:43:36.297942+00:00", "level": "INFO", "logger": "data_ingestion", "message": "Staged cleaned and prepared products table (728 rows)."}
{"timestamp": "2026-07-12T17:43:36.297942+00:00", "level": "INFO", "logger": "data_ingestion", "message": "Preparing 'reviews' dataset...", "pipeline_step": "PREPARE_LOOP"}
{"timestamp": "2026-07-12T17:43:36.400005+00:00", "level": "INFO", "logger": "data_ingestion", "message": "Staged cleaned and prepared reviews table (6327 rows)."}
{"timestamp": "2026-07-12T17:43:36.400005+00:00", "level": "INFO", "logger": "data_ingestion", "message": "Preparing 'sessions' dataset...", "pipeline_step": "PREPARE_LOOP"}
{"timestamp": "2026-07-12T17:43:36.516357+00:00", "level": "INFO", "logger": "data_ingestion", "message": "Staged cleaned and prepared sessions table (15000 rows)."}
{"timestamp": "2026-07-12T17:43:36.532097+00:00", "level": "INFO", "logger": "data_ingestion", "message": "Data Preparation processing routines executed completely.", "pipeline_step": "PREPARE_END"}
{"timestamp": "2026-07-12T17:43:36.549113+00:00", "level": "INFO", "logger": "data_ingestion", "message": "[Prefect Task] Calculating recommendation metrics & writing to SQLite..."}
{"timestamp": "2026-07-12T17:43:36.549113+00:00", "level": "INFO", "logger": "data_ingestion", "message": "Initializing Feature Engineering & Database Transformation engine...", "pipeline_step": "FEATURE_START"}
{"timestamp": "2026-07-12T17:43:36.698739+00:00", "level": "INFO", "logger": "data_ingestion", "message": "Calculating aggregate interaction and rating metrics...", "pipeline_step": "FEATURE_ENG"}
{"timestamp": "2026-07-12T17:43:36.756162+00:00", "level": "INFO", "logger": "data_ingestion", "message": "Opening relational database execution connection at: data/warehouse/recomart_warehouse.db", "pipeline_step": "DB_LOAD"}
{"timestamp": "2026-07-12T17:43:36.956818+00:00", "level": "INFO", "logger": "data_ingestion", "message": "Feature engineering transformation and relational database loading cycles completed.", "pipeline_step": "FEATURE_END"}
{"timestamp": "2026-07-12T17:43:36.998600+00:00", "level": "INFO", "logger": "data_ingestion", "message": "[Prefect Task] Running popularity baselines and TF-IDF similarity matrix..."}
{"timestamp": "2026-07-12T17:43:37.018466+00:00", "level": "INFO", "logger": "data_ingestion", "message": "Initializing Task 9 Decoupled Model Training pipeline...", "pipeline_step": "TRAIN_START"}
{"timestamp": "2026-07-12T17:43:44.967004+00:00", "level": "INFO", "logger": "data_ingestion", "message": "Training Popularity Baseline model variant...", "pipeline_step": "TRAIN_POPULARITY"}
{"timestamp": "2026-07-12T17:43:46.586344+00:00", "level": "INFO", "logger": "data_ingestion", "message": "Popularity Baseline Metrics logged -> Precision: 0.0056, Recall: 0.0114"}
{"timestamp": "2026-07-12T17:43:46.628952+00:00", "level": "INFO", "logger": "data_ingestion", "message": "Training Content-Based TF-IDF Similarity engine...", "pipeline_step": "TRAIN_CONTENT"}
{"timestamp": "2026-07-12T17:43:50.762484+00:00", "level": "INFO", "logger": "data_ingestion", "message": "Model training suite and MLflow tracking complete.", "pipeline_step": "TRAIN_COMPLETE"}
{"timestamp": "2026-07-12T17:43:50.762484+00:00", "level": "INFO", "logger": "data_ingestion", "message": "Prefect orchestration flow execution completed smoothly.", "pipeline_step": "DAG_SUCCESS"}
{"timestamp": "2026-07-16T15:51:28.604174+00:00", "level": "INFO", "logger": "data_ingestion", "message": "Initializing Custom Feature Store Registry Engine...", "pipeline_step": "STORE_START"}
{"timestamp": "2026-07-16T15:51:28.808611+00:00", "level": "INFO", "logger": "data_ingestion", "message": "Custom Feature Store orchestration cycle completed successfully.", "pipeline_step": "STORE_COMPLETE"}
{"timestamp": "2026-07-18T14:32:04.396567+00:00", "level": "INFO", "logger": "data_ingestion", "message": "Prefect orchestration flow initializing sequential steps...", "pipeline_step": "DAG_START"}
{"timestamp": "2026-07-18T14:32:04.438351+00:00", "level": "INFO", "logger": "data_ingestion", "message": "[Prefect Task] Running Data Ingestion sub-routine..."}
{"timestamp": "2026-07-18T14:32:04.438351+00:00", "level": "INFO", "logger": "data_ingestion", "message": "Conductor initializing with metrics tracking...", "pipeline_step": "START"}
{"timestamp": "2026-07-18T14:32:04.464805+00:00", "level": "INFO", "logger": "data_ingestion", "message": "Reading CSV file into memory: users.csv", "pipeline_step": "CSV_EXTRACT"}
{"timestamp": "2026-07-18T14:32:04.559379+00:00", "level": "INFO", "logger": "data_ingestion", "message": "Saved 3,000 rows to data\\raw\\users\\2026-07-18\\users.csv", "pipeline_step": "RAW_SAVE"}
{"timestamp": "2026-07-18T14:32:04.562221+00:00", "level": "INFO", "logger": "data_ingestion", "message": "Reading CSV file into memory: products.csv", "pipeline_step": "CSV_EXTRACT"}
{"timestamp": "2026-07-18T14:32:04.625723+00:00", "level": "INFO", "logger": "data_ingestion", "message": "Saved 728 rows to data\\raw\\products\\2026-07-18\\products.csv", "pipeline_step": "RAW_SAVE"}
{"timestamp": "2026-07-18T14:32:04.625723+00:00", "level": "INFO", "logger": "data_ingestion", "message": "Reading CSV file into memory: reviews.csv", "pipeline_step": "CSV_EXTRACT"}
{"timestamp": "2026-07-18T14:32:04.715180+00:00", "level": "INFO", "logger": "data_ingestion", "message": "Saved 6,327 rows to data\\raw\\reviews\\2026-07-18\\reviews.csv", "pipeline_step": "RAW_SAVE"}
{"timestamp": "2026-07-18T14:32:04.715180+00:00", "level": "INFO", "logger": "data_ingestion", "message": "Reading CSV file into memory: sessions.csv", "pipeline_step": "CSV_EXTRACT"}
{"timestamp": "2026-07-18T14:32:04.812681+00:00", "level": "INFO", "logger": "data_ingestion", "message": "Saved 15,000 rows to data\\raw\\sessions\\2026-07-18\\sessions.csv", "pipeline_step": "RAW_SAVE"}
{"timestamp": "2026-07-18T14:32:04.824322+00:00", "level": "INFO", "logger": "data_ingestion", "message": "Reading CSV file into memory: clickstream.csv", "pipeline_step": "CSV_EXTRACT"}
{"timestamp": "2026-07-18T14:32:05.525880+00:00", "level": "INFO", "logger": "data_ingestion", "message": "Saved 122,114 rows to data\\raw\\clickstream\\2026-07-18\\clickstream.csv", "pipeline_step": "RAW_SAVE"}
{"timestamp": "2026-07-18T14:32:05.527620+00:00", "level": "INFO", "logger": "data_ingestion", "message": "Initiating HTTP GET request to endpoint: https://dummyjson.com/products", "pipeline_step": "API_EXTRACT"}
{"timestamp": "2026-07-18T14:32:05.658983+00:00", "level": "INFO", "logger": "data_ingestion", "message": "Saved JSON payload response out to data\\external\\products_api\\2026-07-18\\products_api.json", "pipeline_step": "EXTERNAL_SAVE"}
{"timestamp": "2026-07-18T14:32:05.661859+00:00", "level": "INFO", "logger": "data_ingestion", "message": "Ingestion cycle complete.", "pipeline_step": "COMPLETE"}
{"timestamp": "2026-07-18T14:32:05.690152+00:00", "level": "INFO", "logger": "data_ingestion", "message": "[Prefect Task] Running Data Validation checks & compiling PDF..."}
{"timestamp": "2026-07-18T14:32:05.695979+00:00", "level": "INFO", "logger": "data_ingestion", "message": "Initializing Data Validation engine...", "pipeline_step": "VALIDATE_START"}
{"timestamp": "2026-07-18T14:32:05.697794+00:00", "level": "INFO", "logger": "data_ingestion", "message": "Profiling raw landing zone data for: [clickstream]", "pipeline_step": "VALIDATE_LOOP"}
{"timestamp": "2026-07-18T14:32:07.097648+00:00", "level": "INFO", "logger": "data_ingestion", "message": "Successfully staged validated copy to data/validated/clickstream/"}
{"timestamp": "2026-07-18T14:32:07.106385+00:00", "level": "INFO", "logger": "data_ingestion", "message": "Profiling raw landing zone data for: [products]", "pipeline_step": "VALIDATE_LOOP"}
{"timestamp": "2026-07-18T14:34:32.757776+00:00", "level": "INFO", "logger": "data_ingestion", "message": "Initializing Data Validation engine...", "pipeline_step": "VALIDATE_START"}
{"timestamp": "2026-07-18T14:34:32.757776+00:00", "level": "INFO", "logger": "data_ingestion", "message": "Profiling raw landing zone data for: [clickstream]", "pipeline_step": "VALIDATE_LOOP"}
{"timestamp": "2026-07-18T14:34:33.735639+00:00", "level": "INFO", "logger": "data_ingestion", "message": "Successfully staged validated copy to data/validated/clickstream/"}
{"timestamp": "2026-07-18T14:34:33.737647+00:00", "level": "INFO", "logger": "data_ingestion", "message": "Profiling raw landing zone data for: [products]", "pipeline_step": "VALIDATE_LOOP"}
{"timestamp": "2026-07-18T14:34:33.768046+00:00", "level": "ERROR", "logger": "data_ingestion", "message": "Dataset [products] failed validation: schema_errors=[]; quality_issues=[\"719 records have a non-numeric value in 'avg_rating'.\"]"}
{"timestamp": "2026-07-18T14:34:33.768046+00:00", "level": "INFO", "logger": "data_ingestion", "message": "Profiling raw landing zone data for: [reviews]", "pipeline_step": "VALIDATE_LOOP"}
{"timestamp": "2026-07-18T14:34:34.058102+00:00", "level": "INFO", "logger": "data_ingestion", "message": "Successfully staged validated copy to data/validated/reviews/"}
{"timestamp": "2026-07-18T14:34:34.060114+00:00", "level": "INFO", "logger": "data_ingestion", "message": "Profiling raw landing zone data for: [sessions]", "pipeline_step": "VALIDATE_LOOP"}
{"timestamp": "2026-07-18T14:34:34.278311+00:00", "level": "INFO", "logger": "data_ingestion", "message": "Successfully staged validated copy to data/validated/sessions/"}
{"timestamp": "2026-07-18T14:34:34.278870+00:00", "level": "INFO", "logger": "data_ingestion", "message": "Profiling raw landing zone data for: [users]", "pipeline_step": "VALIDATE_LOOP"}
{"timestamp": "2026-07-18T14:34:34.349800+00:00", "level": "INFO", "logger": "data_ingestion", "message": "Successfully staged validated copy to data/validated/users/"}
{"timestamp": "2026-07-18T14:34:34.363509+00:00", "level": "INFO", "logger": "data_ingestion", "message": "Data Quality Reports written to reports/validation_report.json and .pdf", "pipeline_step": "VALIDATE_END"}
{"timestamp": "2026-07-18T14:35:48.686482+00:00", "level": "INFO", "logger": "data_ingestion", "message": "Initializing Data Validation engine...", "pipeline_step": "VALIDATE_START"}
{"timestamp": "2026-07-18T14:35:48.686482+00:00", "level": "INFO", "logger": "data_ingestion", "message": "Profiling raw landing zone data for: [clickstream]", "pipeline_step": "VALIDATE_LOOP"}
{"timestamp": "2026-07-18T14:35:49.538973+00:00", "level": "INFO", "logger": "data_ingestion", "message": "Successfully staged validated copy to data/validated/clickstream/"}
{"timestamp": "2026-07-18T14:35:49.538973+00:00", "level": "INFO", "logger": "data_ingestion", "message": "Profiling raw landing zone data for: [products]", "pipeline_step": "VALIDATE_LOOP"}
{"timestamp": "2026-07-18T14:35:49.609381+00:00", "level": "INFO", "logger": "data_ingestion", "message": "Successfully staged validated copy to data/validated/products/"}
{"timestamp": "2026-07-18T14:35:49.609381+00:00", "level": "INFO", "logger": "data_ingestion", "message": "Profiling raw landing zone data for: [reviews]", "pipeline_step": "VALIDATE_LOOP"}
{"timestamp": "2026-07-18T14:35:49.682158+00:00", "level": "INFO", "logger": "data_ingestion", "message": "Successfully staged validated copy to data/validated/reviews/"}
{"timestamp": "2026-07-18T14:35:49.684208+00:00", "level": "INFO", "logger": "data_ingestion", "message": "Profiling raw landing zone data for: [sessions]", "pipeline_step": "VALIDATE_LOOP"}
{"timestamp": "2026-07-18T14:35:49.768166+00:00", "level": "INFO", "logger": "data_ingestion", "message": "Successfully staged validated copy to data/validated/sessions/"}
{"timestamp": "2026-07-18T14:35:49.768166+00:00", "level": "INFO", "logger": "data_ingestion", "message": "Profiling raw landing zone data for: [users]", "pipeline_step": "VALIDATE_LOOP"}
{"timestamp": "2026-07-18T14:35:49.796221+00:00", "level": "INFO", "logger": "data_ingestion", "message": "Successfully staged validated copy to data/validated/users/"}
{"timestamp": "2026-07-18T14:35:49.808279+00:00", "level": "INFO", "logger": "data_ingestion", "message": "Data Quality Reports written to reports/validation_report.json and .pdf", "pipeline_step": "VALIDATE_END"}
{"timestamp": "2026-07-18T14:36:23.993803+00:00", "level": "INFO", "logger": "data_ingestion", "message": "Prefect orchestration flow initializing sequential steps...", "pipeline_step": "DAG_START"}
{"timestamp": "2026-07-18T14:36:24.022513+00:00", "level": "INFO", "logger": "data_ingestion", "message": "[Prefect Task] Running Data Ingestion sub-routine..."}
{"timestamp": "2026-07-18T14:36:24.024521+00:00", "level": "INFO", "logger": "data_ingestion", "message": "Conductor initializing with metrics tracking...", "pipeline_step": "START"}
{"timestamp": "2026-07-18T14:36:24.027533+00:00", "level": "INFO", "logger": "data_ingestion", "message": "Reading CSV file into memory: users.csv", "pipeline_step": "CSV_EXTRACT"}
{"timestamp": "2026-07-18T14:36:24.060843+00:00", "level": "INFO", "logger": "data_ingestion", "message": "Saved 3,000 rows to data\\raw\\users\\2026-07-18\\users.csv", "pipeline_step": "RAW_SAVE"}
{"timestamp": "2026-07-18T14:36:24.067492+00:00", "level": "INFO", "logger": "data_ingestion", "message": "Reading CSV file into memory: products.csv", "pipeline_step": "CSV_EXTRACT"}
{"timestamp": "2026-07-18T14:36:24.124969+00:00", "level": "INFO", "logger": "data_ingestion", "message": "Saved 728 rows to data\\raw\\products\\2026-07-18\\products.csv", "pipeline_step": "RAW_SAVE"}
{"timestamp": "2026-07-18T14:36:24.125971+00:00", "level": "INFO", "logger": "data_ingestion", "message": "Reading CSV file into memory: reviews.csv", "pipeline_step": "CSV_EXTRACT"}
{"timestamp": "2026-07-18T14:36:24.182110+00:00", "level": "INFO", "logger": "data_ingestion", "message": "Saved 6,327 rows to data\\raw\\reviews\\2026-07-18\\reviews.csv", "pipeline_step": "RAW_SAVE"}
{"timestamp": "2026-07-18T14:36:24.189618+00:00", "level": "INFO", "logger": "data_ingestion", "message": "Reading CSV file into memory: sessions.csv", "pipeline_step": "CSV_EXTRACT"}
{"timestamp": "2026-07-18T14:36:24.261582+00:00", "level": "INFO", "logger": "data_ingestion", "message": "Saved 15,000 rows to data\\raw\\sessions\\2026-07-18\\sessions.csv", "pipeline_step": "RAW_SAVE"}
{"timestamp": "2026-07-18T14:36:24.261582+00:00", "level": "INFO", "logger": "data_ingestion", "message": "Reading CSV file into memory: clickstream.csv", "pipeline_step": "CSV_EXTRACT"}
{"timestamp": "2026-07-18T14:36:24.828923+00:00", "level": "INFO", "logger": "data_ingestion", "message": "Saved 122,114 rows to data\\raw\\clickstream\\2026-07-18\\clickstream.csv", "pipeline_step": "RAW_SAVE"}
{"timestamp": "2026-07-18T14:36:24.830930+00:00", "level": "INFO", "logger": "data_ingestion", "message": "Initiating HTTP GET request to endpoint: https://dummyjson.com/products", "pipeline_step": "API_EXTRACT"}
{"timestamp": "2026-07-18T14:36:24.885778+00:00", "level": "WARNING", "logger": "data_ingestion", "message": "API request attempt 1/3 failed: HTTPSConnectionPool(host='dummyjson.com', port=443): Max retries exceeded with url: /products (Caused by NewConnectionError(\"HTTPSConnection(host='dummyjson.com', port=443): Failed to establish a new connection: [WinError 10013] An attempt was made to access a socket in a way forbidden by its access permissions\"))", "pipeline_step": "API_RETRY"}
{"timestamp": "2026-07-18T14:36:26.929611+00:00", "level": "WARNING", "logger": "data_ingestion", "message": "API request attempt 2/3 failed: HTTPSConnectionPool(host='dummyjson.com', port=443): Max retries exceeded with url: /products (Caused by NewConnectionError(\"HTTPSConnection(host='dummyjson.com', port=443): Failed to establish a new connection: [WinError 10013] An attempt was made to access a socket in a way forbidden by its access permissions\"))", "pipeline_step": "API_RETRY"}
{"timestamp": "2026-07-18T14:36:30.982601+00:00", "level": "WARNING", "logger": "data_ingestion", "message": "API request attempt 3/3 failed: HTTPSConnectionPool(host='dummyjson.com', port=443): Max retries exceeded with url: /products (Caused by NewConnectionError(\"HTTPSConnection(host='dummyjson.com', port=443): Failed to establish a new connection: [WinError 10013] An attempt was made to access a socket in a way forbidden by its access permissions\"))", "pipeline_step": "API_RETRY"}
{"timestamp": "2026-07-18T14:36:30.982601+00:00", "level": "CRITICAL", "logger": "data_ingestion", "message": "All 3 API retry attempts exhausted.", "pipeline_step": "API_FAIL"}
{"timestamp": "2026-07-18T14:36:30.982601+00:00", "level": "ERROR", "logger": "data_ingestion", "message": "External API ingestion failed: HTTPSConnectionPool(host='dummyjson.com', port=443): Max retries exceeded with url: /products (Caused by NewConnectionError(\"HTTPSConnection(host='dummyjson.com', port=443): Failed to establish a new connection: [WinError 10013] An attempt was made to access a socket in a way forbidden by its access permissions\"))", "exception": "ConnectionError: HTTPSConnectionPool(host='dummyjson.com', port=443): Max retries exceeded with url: /products (Caused by NewConnectionError(\"HTTPSConnection(host='dummyjson.com', port=443): Failed to establish a new connection: [WinError 10013] An attempt was made to access a socket in a way forbidden by its access permissions\"))"}
{"timestamp": "2026-07-18T14:36:31.198503+00:00", "level": "CRITICAL", "logger": "data_ingestion", "message": "Critical Conductor failure: 'charmap' codec can't encode character '\\U0001f4ca' in position 0: character maps to <undefined>", "exception": "UnicodeEncodeError: 'charmap' codec can't encode character '\\U0001f4ca' in position 0: character maps to <undefined>"}
{"timestamp": "2026-07-18T14:37:28.021064+00:00", "level": "INFO", "logger": "data_ingestion", "message": "Prefect orchestration flow initializing sequential steps...", "pipeline_step": "DAG_START"}
{"timestamp": "2026-07-18T14:37:28.055848+00:00", "level": "INFO", "logger": "data_ingestion", "message": "[Prefect Task] Running Data Ingestion sub-routine..."}
{"timestamp": "2026-07-18T14:37:28.055848+00:00", "level": "INFO", "logger": "data_ingestion", "message": "Conductor initializing with metrics tracking...", "pipeline_step": "START"}
{"timestamp": "2026-07-18T14:37:28.059027+00:00", "level": "INFO", "logger": "data_ingestion", "message": "Reading CSV file into memory: users.csv", "pipeline_step": "CSV_EXTRACT"}
{"timestamp": "2026-07-18T14:37:28.092196+00:00", "level": "INFO", "logger": "data_ingestion", "message": "Saved 3,000 rows to data\\raw\\users\\2026-07-18\\users.csv", "pipeline_step": "RAW_SAVE"}
{"timestamp": "2026-07-18T14:37:28.092196+00:00", "level": "INFO", "logger": "data_ingestion", "message": "Reading CSV file into memory: products.csv", "pipeline_step": "CSV_EXTRACT"}
{"timestamp": "2026-07-18T14:37:28.141456+00:00", "level": "INFO", "logger": "data_ingestion", "message": "Saved 728 rows to data\\raw\\products\\2026-07-18\\products.csv", "pipeline_step": "RAW_SAVE"}
{"timestamp": "2026-07-18T14:37:28.143464+00:00", "level": "INFO", "logger": "data_ingestion", "message": "Reading CSV file into memory: reviews.csv", "pipeline_step": "CSV_EXTRACT"}
{"timestamp": "2026-07-18T14:37:28.203198+00:00", "level": "INFO", "logger": "data_ingestion", "message": "Saved 6,327 rows to data\\raw\\reviews\\2026-07-18\\reviews.csv", "pipeline_step": "RAW_SAVE"}
{"timestamp": "2026-07-18T14:37:28.203198+00:00", "level": "INFO", "logger": "data_ingestion", "message": "Reading CSV file into memory: sessions.csv", "pipeline_step": "CSV_EXTRACT"}
{"timestamp": "2026-07-18T14:37:28.279918+00:00", "level": "INFO", "logger": "data_ingestion", "message": "Saved 15,000 rows to data\\raw\\sessions\\2026-07-18\\sessions.csv", "pipeline_step": "RAW_SAVE"}
{"timestamp": "2026-07-18T14:37:28.279918+00:00", "level": "INFO", "logger": "data_ingestion", "message": "Reading CSV file into memory: clickstream.csv", "pipeline_step": "CSV_EXTRACT"}
{"timestamp": "2026-07-18T14:37:28.849629+00:00", "level": "INFO", "logger": "data_ingestion", "message": "Saved 122,114 rows to data\\raw\\clickstream\\2026-07-18\\clickstream.csv", "pipeline_step": "RAW_SAVE"}
{"timestamp": "2026-07-18T14:37:28.849629+00:00", "level": "INFO", "logger": "data_ingestion", "message": "Initiating HTTP GET request to endpoint: https://dummyjson.com/products", "pipeline_step": "API_EXTRACT"}
{"timestamp": "2026-07-18T14:37:28.919549+00:00", "level": "WARNING", "logger": "data_ingestion", "message": "API request attempt 1/3 failed: HTTPSConnectionPool(host='dummyjson.com', port=443): Max retries exceeded with url: /products (Caused by NewConnectionError(\"HTTPSConnection(host='dummyjson.com', port=443): Failed to establish a new connection: [WinError 10013] An attempt was made to access a socket in a way forbidden by its access permissions\"))", "pipeline_step": "API_RETRY"}
{"timestamp": "2026-07-18T14:37:30.933485+00:00", "level": "WARNING", "logger": "data_ingestion", "message": "API request attempt 2/3 failed: HTTPSConnectionPool(host='dummyjson.com', port=443): Max retries exceeded with url: /products (Caused by NewConnectionError(\"HTTPSConnection(host='dummyjson.com', port=443): Failed to establish a new connection: [WinError 10013] An attempt was made to access a socket in a way forbidden by its access permissions\"))", "pipeline_step": "API_RETRY"}
{"timestamp": "2026-07-18T14:37:34.966207+00:00", "level": "WARNING", "logger": "data_ingestion", "message": "API request attempt 3/3 failed: HTTPSConnectionPool(host='dummyjson.com', port=443): Max retries exceeded with url: /products (Caused by NewConnectionError(\"HTTPSConnection(host='dummyjson.com', port=443): Failed to establish a new connection: [WinError 10013] An attempt was made to access a socket in a way forbidden by its access permissions\"))", "pipeline_step": "API_RETRY"}
{"timestamp": "2026-07-18T14:37:34.966207+00:00", "level": "CRITICAL", "logger": "data_ingestion", "message": "All 3 API retry attempts exhausted.", "pipeline_step": "API_FAIL"}
{"timestamp": "2026-07-18T14:37:34.966207+00:00", "level": "ERROR", "logger": "data_ingestion", "message": "External API ingestion failed: HTTPSConnectionPool(host='dummyjson.com', port=443): Max retries exceeded with url: /products (Caused by NewConnectionError(\"HTTPSConnection(host='dummyjson.com', port=443): Failed to establish a new connection: [WinError 10013] An attempt was made to access a socket in a way forbidden by its access permissions\"))", "exception": "ConnectionError: HTTPSConnectionPool(host='dummyjson.com', port=443): Max retries exceeded with url: /products (Caused by NewConnectionError(\"HTTPSConnection(host='dummyjson.com', port=443): Failed to establish a new connection: [WinError 10013] An attempt was made to access a socket in a way forbidden by its access permissions\"))"}
{"timestamp": "2026-07-18T14:37:34.978172+00:00", "level": "INFO", "logger": "data_ingestion", "message": "Ingestion cycle complete.", "pipeline_step": "COMPLETE"}
{"timestamp": "2026-07-18T14:37:34.987056+00:00", "level": "INFO", "logger": "data_ingestion", "message": "[Prefect Task] Running Data Validation checks & compiling PDF..."}
{"timestamp": "2026-07-18T14:37:34.990977+00:00", "level": "INFO", "logger": "data_ingestion", "message": "Initializing Data Validation engine...", "pipeline_step": "VALIDATE_START"}
{"timestamp": "2026-07-18T14:37:34.994991+00:00", "level": "INFO", "logger": "data_ingestion", "message": "Profiling raw landing zone data for: [clickstream]", "pipeline_step": "VALIDATE_LOOP"}
{"timestamp": "2026-07-18T14:37:35.684896+00:00", "level": "INFO", "logger": "data_ingestion", "message": "Successfully staged validated copy to data/validated/clickstream/"}
{"timestamp": "2026-07-18T14:37:35.686902+00:00", "level": "INFO", "logger": "data_ingestion", "message": "Profiling raw landing zone data for: [products]", "pipeline_step": "VALIDATE_LOOP"}
{"timestamp": "2026-07-18T14:37:35.744229+00:00", "level": "INFO", "logger": "data_ingestion", "message": "Successfully staged validated copy to data/validated/products/"}
{"timestamp": "2026-07-18T14:37:35.750593+00:00", "level": "INFO", "logger": "data_ingestion", "message": "Profiling raw landing zone data for: [reviews]", "pipeline_step": "VALIDATE_LOOP"}
{"timestamp": "2026-07-18T14:37:35.841635+00:00", "level": "INFO", "logger": "data_ingestion", "message": "Successfully staged validated copy to data/validated/reviews/"}
{"timestamp": "2026-07-18T14:37:35.843643+00:00", "level": "INFO", "logger": "data_ingestion", "message": "Profiling raw landing zone data for: [sessions]", "pipeline_step": "VALIDATE_LOOP"}
{"timestamp": "2026-07-18T14:37:35.943727+00:00", "level": "INFO", "logger": "data_ingestion", "message": "Successfully staged validated copy to data/validated/sessions/"}
{"timestamp": "2026-07-18T14:37:35.950165+00:00", "level": "INFO", "logger": "data_ingestion", "message": "Profiling raw landing zone data for: [users]", "pipeline_step": "VALIDATE_LOOP"}
{"timestamp": "2026-07-18T14:37:35.991582+00:00", "level": "INFO", "logger": "data_ingestion", "message": "Successfully staged validated copy to data/validated/users/"}
{"timestamp": "2026-07-18T14:37:36.012330+00:00", "level": "INFO", "logger": "data_ingestion", "message": "Data Quality Reports written to reports/validation_report.json and .pdf", "pipeline_step": "VALIDATE_END"}
{"timestamp": "2026-07-18T14:37:36.024611+00:00", "level": "INFO", "logger": "data_ingestion", "message": "[Prefect Task] Running Data Cleansing & Normalization scaling..."}
{"timestamp": "2026-07-18T14:37:36.024611+00:00", "level": "INFO", "logger": "data_ingestion", "message": "Initializing Data Preparation engine...", "pipeline_step": "PREPARE_START"}
{"timestamp": "2026-07-18T14:37:36.026620+00:00", "level": "INFO", "logger": "data_ingestion", "message": "Preparing 'users' dataset...", "pipeline_step": "PREPARE_LOOP"}
{"timestamp": "2026-07-18T14:37:36.102538+00:00", "level": "INFO", "logger": "data_ingestion", "message": "Staged cleaned and prepared users table (3000 rows)."}
{"timestamp": "2026-07-18T14:37:36.102538+00:00", "level": "INFO", "logger": "data_ingestion", "message": "Preparing 'products' dataset...", "pipeline_step": "PREPARE_LOOP"}
{"timestamp": "2026-07-18T14:37:36.156082+00:00", "level": "INFO", "logger": "data_ingestion", "message": "Staged cleaned and prepared products table (728 rows)."}
{"timestamp": "2026-07-18T14:37:36.156082+00:00", "level": "INFO", "logger": "data_ingestion", "message": "Preparing 'reviews' dataset...", "pipeline_step": "PREPARE_LOOP"}
{"timestamp": "2026-07-18T14:37:36.258335+00:00", "level": "INFO", "logger": "data_ingestion", "message": "Staged cleaned and prepared reviews table (6327 rows)."}
{"timestamp": "2026-07-18T14:37:36.258335+00:00", "level": "INFO", "logger": "data_ingestion", "message": "Preparing 'sessions' dataset...", "pipeline_step": "PREPARE_LOOP"}
{"timestamp": "2026-07-18T14:37:36.385002+00:00", "level": "INFO", "logger": "data_ingestion", "message": "Staged cleaned and prepared sessions table (15000 rows)."}
{"timestamp": "2026-07-18T14:37:36.385002+00:00", "level": "INFO", "logger": "data_ingestion", "message": "Preparing 'clickstream' dataset...", "pipeline_step": "PREPARE_LOOP"}
{"timestamp": "2026-07-18T14:37:37.904564+00:00", "level": "INFO", "logger": "data_ingestion", "message": "Staged cleaned and prepared clickstream table (122114 rows)."}
{"timestamp": "2026-07-18T14:37:37.905484+00:00", "level": "INFO", "logger": "data_ingestion", "message": "Data Preparation processing routines executed completely.", "pipeline_step": "PREPARE_END"}
{"timestamp": "2026-07-18T14:38:11.900171+00:00", "level": "INFO", "logger": "data_ingestion", "message": "Initializing Feature Engineering & Database Transformation engine...", "pipeline_step": "FEATURE_START"}
{"timestamp": "2026-07-18T14:38:12.320073+00:00", "level": "INFO", "logger": "data_ingestion", "message": "Warehouse loaded: {'dim_users': 3000, 'dim_products': 728, 'fact_interactions': 6327}", "pipeline_step": "FEATURE_END"}
{"timestamp": "2026-07-18T14:38:12.744174+00:00", "level": "INFO", "logger": "data_ingestion", "message": "Materialized 22368 versioned feature values", "pipeline_step": "STORE_COMPLETE"}
{"timestamp": "2026-07-18T14:39:30.251204+00:00", "level": "INFO", "logger": "data_ingestion", "message": "Model training complete: {'train_interactions': 4465, 'test_interactions': 1862, 'popularity': {'run_id': 'e4c7b608b185419abedb73dc734665ff', 'precision_at_k': 0.0019334049409237381, 'recall_at_k': 0.00966702470461869, 'ndcg_at_k': 0.005733920679757089}, 'content_based': {'run_id': '665d87cc38424ef3824cdbbba425eb76', 'precision_at_k': 0.0009667024704618691, 'recall_at_k': 0.004833512352309345, 'ndcg_at_k': 0.003627358956423823}, 'inference_artifact': 'C:\\\\Users\\\\mrudh\\\\BITS WILP\\\\Assignments\\\\Sem 2\\\\DMML\\\\recomart-data-pipeline\\\\artifacts\\\\recommendations.json'}", "pipeline_step": "TRAIN_COMPLETE"}
{"timestamp": "2026-07-18T14:40:09.574071+00:00", "level": "INFO", "logger": "data_ingestion", "message": "Prefect orchestration flow initializing sequential steps...", "pipeline_step": "DAG_START"}
{"timestamp": "2026-07-18T14:40:09.605802+00:00", "level": "INFO", "logger": "data_ingestion", "message": "[Prefect Task] Running Data Ingestion sub-routine..."}
{"timestamp": "2026-07-18T14:40:09.606307+00:00", "level": "INFO", "logger": "data_ingestion", "message": "Conductor initializing with metrics tracking...", "pipeline_step": "START"}
{"timestamp": "2026-07-18T14:40:09.612892+00:00", "level": "INFO", "logger": "data_ingestion", "message": "Reading CSV file into memory: users.csv", "pipeline_step": "CSV_EXTRACT"}
{"timestamp": "2026-07-18T14:40:09.653285+00:00", "level": "INFO", "logger": "data_ingestion", "message": "Saved 3,000 rows to data\\raw\\users\\2026-07-18\\users.csv", "pipeline_step": "RAW_SAVE"}
{"timestamp": "2026-07-18T14:40:09.654956+00:00", "level": "INFO", "logger": "data_ingestion", "message": "Reading CSV file into memory: products.csv", "pipeline_step": "CSV_EXTRACT"}
{"timestamp": "2026-07-18T14:40:09.701813+00:00", "level": "INFO", "logger": "data_ingestion", "message": "Saved 728 rows to data\\raw\\products\\2026-07-18\\products.csv", "pipeline_step": "RAW_SAVE"}
{"timestamp": "2026-07-18T14:40:09.709403+00:00", "level": "INFO", "logger": "data_ingestion", "message": "Reading CSV file into memory: reviews.csv", "pipeline_step": "CSV_EXTRACT"}
{"timestamp": "2026-07-18T14:40:09.810734+00:00", "level": "INFO", "logger": "data_ingestion", "message": "Saved 6,327 rows to data\\raw\\reviews\\2026-07-18\\reviews.csv", "pipeline_step": "RAW_SAVE"}
{"timestamp": "2026-07-18T14:40:09.810734+00:00", "level": "INFO", "logger": "data_ingestion", "message": "Reading CSV file into memory: sessions.csv", "pipeline_step": "CSV_EXTRACT"}
{"timestamp": "2026-07-18T14:40:09.926290+00:00", "level": "INFO", "logger": "data_ingestion", "message": "Saved 15,000 rows to data\\raw\\sessions\\2026-07-18\\sessions.csv", "pipeline_step": "RAW_SAVE"}
{"timestamp": "2026-07-18T14:40:09.928058+00:00", "level": "INFO", "logger": "data_ingestion", "message": "Reading CSV file into memory: clickstream.csv", "pipeline_step": "CSV_EXTRACT"}
{"timestamp": "2026-07-18T14:40:10.648290+00:00", "level": "INFO", "logger": "data_ingestion", "message": "Saved 122,114 rows to data\\raw\\clickstream\\2026-07-18\\clickstream.csv", "pipeline_step": "RAW_SAVE"}
{"timestamp": "2026-07-18T14:40:10.648290+00:00", "level": "INFO", "logger": "data_ingestion", "message": "Initiating HTTP GET request to endpoint: https://dummyjson.com/products", "pipeline_step": "API_EXTRACT"}
{"timestamp": "2026-07-18T14:40:10.706617+00:00", "level": "WARNING", "logger": "data_ingestion", "message": "API request attempt 1/3 failed: HTTPSConnectionPool(host='dummyjson.com', port=443): Max retries exceeded with url: /products (Caused by NewConnectionError(\"HTTPSConnection(host='dummyjson.com', port=443): Failed to establish a new connection: [WinError 10013] An attempt was made to access a socket in a way forbidden by its access permissions\"))", "pipeline_step": "API_RETRY"}
{"timestamp": "2026-07-18T14:40:12.714412+00:00", "level": "WARNING", "logger": "data_ingestion", "message": "API request attempt 2/3 failed: HTTPSConnectionPool(host='dummyjson.com', port=443): Max retries exceeded with url: /products (Caused by NewConnectionError(\"HTTPSConnection(host='dummyjson.com', port=443): Failed to establish a new connection: [WinError 10013] An attempt was made to access a socket in a way forbidden by its access permissions\"))", "pipeline_step": "API_RETRY"}
{"timestamp": "2026-07-18T14:40:16.747293+00:00", "level": "WARNING", "logger": "data_ingestion", "message": "API request attempt 3/3 failed: HTTPSConnectionPool(host='dummyjson.com', port=443): Max retries exceeded with url: /products (Caused by NewConnectionError(\"HTTPSConnection(host='dummyjson.com', port=443): Failed to establish a new connection: [WinError 10013] An attempt was made to access a socket in a way forbidden by its access permissions\"))", "pipeline_step": "API_RETRY"}
{"timestamp": "2026-07-18T14:40:16.747293+00:00", "level": "CRITICAL", "logger": "data_ingestion", "message": "All 3 API retry attempts exhausted.", "pipeline_step": "API_FAIL"}
{"timestamp": "2026-07-18T14:40:16.749302+00:00", "level": "ERROR", "logger": "data_ingestion", "message": "External API ingestion failed: HTTPSConnectionPool(host='dummyjson.com', port=443): Max retries exceeded with url: /products (Caused by NewConnectionError(\"HTTPSConnection(host='dummyjson.com', port=443): Failed to establish a new connection: [WinError 10013] An attempt was made to access a socket in a way forbidden by its access permissions\"))", "exception": "ConnectionError: HTTPSConnectionPool(host='dummyjson.com', port=443): Max retries exceeded with url: /products (Caused by NewConnectionError(\"HTTPSConnection(host='dummyjson.com', port=443): Failed to establish a new connection: [WinError 10013] An attempt was made to access a socket in a way forbidden by its access permissions\"))"}
{"timestamp": "2026-07-18T14:40:16.756648+00:00", "level": "INFO", "logger": "data_ingestion", "message": "Ingestion cycle complete.", "pipeline_step": "COMPLETE"}
{"timestamp": "2026-07-18T14:40:16.774461+00:00", "level": "INFO", "logger": "data_ingestion", "message": "[Prefect Task] Running Data Validation checks & compiling PDF..."}
{"timestamp": "2026-07-18T14:40:16.775729+00:00", "level": "INFO", "logger": "data_ingestion", "message": "Initializing Data Validation engine...", "pipeline_step": "VALIDATE_START"}
{"timestamp": "2026-07-18T14:40:16.777743+00:00", "level": "INFO", "logger": "data_ingestion", "message": "Profiling raw landing zone data for: [clickstream]", "pipeline_step": "VALIDATE_LOOP"}
{"timestamp": "2026-07-18T14:40:18.251928+00:00", "level": "INFO", "logger": "data_ingestion", "message": "Successfully staged validated copy to data/validated/clickstream/"}
{"timestamp": "2026-07-18T14:40:18.251928+00:00", "level": "INFO", "logger": "data_ingestion", "message": "Profiling raw landing zone data for: [products]", "pipeline_step": "VALIDATE_LOOP"}
{"timestamp": "2026-07-18T14:40:18.422972+00:00", "level": "INFO", "logger": "data_ingestion", "message": "Successfully staged validated copy to data/validated/products/"}
{"timestamp": "2026-07-18T14:40:18.426122+00:00", "level": "INFO", "logger": "data_ingestion", "message": "Profiling raw landing zone data for: [reviews]", "pipeline_step": "VALIDATE_LOOP"}
{"timestamp": "2026-07-18T14:40:18.618989+00:00", "level": "INFO", "logger": "data_ingestion", "message": "Successfully staged validated copy to data/validated/reviews/"}
{"timestamp": "2026-07-18T14:40:18.619922+00:00", "level": "INFO", "logger": "data_ingestion", "message": "Profiling raw landing zone data for: [sessions]", "pipeline_step": "VALIDATE_LOOP"}
{"timestamp": "2026-07-18T14:40:18.799329+00:00", "level": "INFO", "logger": "data_ingestion", "message": "Successfully staged validated copy to data/validated/sessions/"}
{"timestamp": "2026-07-18T14:40:18.799329+00:00", "level": "INFO", "logger": "data_ingestion", "message": "Profiling raw landing zone data for: [users]", "pipeline_step": "VALIDATE_LOOP"}
{"timestamp": "2026-07-18T14:40:18.884165+00:00", "level": "INFO", "logger": "data_ingestion", "message": "Successfully staged validated copy to data/validated/users/"}
{"timestamp": "2026-07-18T14:40:18.893447+00:00", "level": "INFO", "logger": "data_ingestion", "message": "Data Quality Reports written to reports/validation_report.json and .pdf", "pipeline_step": "VALIDATE_END"}
{"timestamp": "2026-07-18T14:40:18.920158+00:00", "level": "INFO", "logger": "data_ingestion", "message": "[Prefect Task] Running Data Cleansing & Normalization scaling..."}
{"timestamp": "2026-07-18T14:40:18.920158+00:00", "level": "INFO", "logger": "data_ingestion", "message": "Initializing Data Preparation engine...", "pipeline_step": "PREPARE_START"}
{"timestamp": "2026-07-18T14:40:18.924214+00:00", "level": "INFO", "logger": "data_ingestion", "message": "Preparing 'users' dataset...", "pipeline_step": "PREPARE_LOOP"}
{"timestamp": "2026-07-18T14:40:19.057102+00:00", "level": "INFO", "logger": "data_ingestion", "message": "Staged cleaned and prepared users table (3000 rows)."}
{"timestamp": "2026-07-18T14:40:19.058480+00:00", "level": "INFO", "logger": "data_ingestion", "message": "Preparing 'products' dataset...", "pipeline_step": "PREPARE_LOOP"}
{"timestamp": "2026-07-18T14:40:19.151742+00:00", "level": "INFO", "logger": "data_ingestion", "message": "Staged cleaned and prepared products table (728 rows)."}
{"timestamp": "2026-07-18T14:40:19.155861+00:00", "level": "INFO", "logger": "data_ingestion", "message": "Preparing 'reviews' dataset...", "pipeline_step": "PREPARE_LOOP"}
{"timestamp": "2026-07-18T14:40:19.311530+00:00", "level": "INFO", "logger": "data_ingestion", "message": "Staged cleaned and prepared reviews table (6327 rows)."}
{"timestamp": "2026-07-18T14:40:19.316847+00:00", "level": "INFO", "logger": "data_ingestion", "message": "Preparing 'sessions' dataset...", "pipeline_step": "PREPARE_LOOP"}
{"timestamp": "2026-07-18T14:40:19.500272+00:00", "level": "INFO", "logger": "data_ingestion", "message": "Staged cleaned and prepared sessions table (15000 rows)."}
{"timestamp": "2026-07-18T14:40:19.501461+00:00", "level": "INFO", "logger": "data_ingestion", "message": "Preparing 'clickstream' dataset...", "pipeline_step": "PREPARE_LOOP"}
{"timestamp": "2026-07-18T14:40:20.995880+00:00", "level": "INFO", "logger": "data_ingestion", "message": "Staged cleaned and prepared clickstream table (122114 rows)."}
{"timestamp": "2026-07-18T14:40:20.995880+00:00", "level": "INFO", "logger": "data_ingestion", "message": "Data Preparation processing routines executed completely.", "pipeline_step": "PREPARE_END"}
{"timestamp": "2026-07-18T14:40:22.406358+00:00", "level": "INFO", "logger": "data_ingestion", "message": "[Prefect Task] Calculating recommendation metrics & writing to SQLite..."}
{"timestamp": "2026-07-18T14:40:22.408775+00:00", "level": "INFO", "logger": "data_ingestion", "message": "Initializing Feature Engineering & Database Transformation engine...", "pipeline_step": "FEATURE_START"}
{"timestamp": "2026-07-18T14:40:22.909698+00:00", "level": "INFO", "logger": "data_ingestion", "message": "Warehouse loaded: {'dim_users': 3000, 'dim_products': 728, 'fact_interactions': 6327}", "pipeline_step": "FEATURE_END"}
{"timestamp": "2026-07-18T14:40:22.929579+00:00", "level": "INFO", "logger": "data_ingestion", "message": "[Prefect Task] Materializing versioned online features..."}
{"timestamp": "2026-07-18T14:40:23.253190+00:00", "level": "INFO", "logger": "data_ingestion", "message": "Materialized 22368 versioned feature values", "pipeline_step": "STORE_COMPLETE"}
{"timestamp": "2026-07-18T14:40:23.264258+00:00", "level": "INFO", "logger": "data_ingestion", "message": "[Prefect Task] Running popularity baselines and TF-IDF similarity matrix..."}
{"timestamp": "2026-07-18T14:40:32.935499+00:00", "level": "INFO", "logger": "data_ingestion", "message": "Model training complete: {'train_interactions': 4465, 'test_interactions': 1862, 'popularity': {'run_id': '024203a1d5744c3d823a80eff655fa1e', 'precision_at_k': 0.0019334049409237381, 'recall_at_k': 0.00966702470461869, 'ndcg_at_k': 0.005733920679757089}, 'content_based': {'run_id': 'b35ea6581d584d98b1822753dd618c72', 'precision_at_k': 0.0009667024704618691, 'recall_at_k': 0.004833512352309345, 'ndcg_at_k': 0.003627358956423823}, 'inference_artifact': 'C:\\\\Users\\\\mrudh\\\\BITS WILP\\\\Assignments\\\\Sem 2\\\\DMML\\\\recomart-data-pipeline\\\\artifacts\\\\recommendations.json'}", "pipeline_step": "TRAIN_COMPLETE"}
{"timestamp": "2026-07-18T14:40:32.955171+00:00", "level": "INFO", "logger": "data_ingestion", "message": "[Prefect Task] Generating data lineage manifest..."}
{"timestamp": "2026-07-18T14:40:32.955171+00:00", "level": "INFO", "logger": "data_ingestion", "message": "Compiling project data lineage graph map...", "pipeline_step": "LINEAGE_MAP"}
{"timestamp": "2026-07-18T14:40:32.959830+00:00", "level": "INFO", "logger": "data_ingestion", "message": "Prefect orchestration flow execution completed smoothly.", "pipeline_step": "DAG_SUCCESS"}
{"timestamp": "2026-07-18T15:20:09.190166+00:00", "level": "INFO", "logger": "data_ingestion", "message": "Prefect orchestration flow initializing sequential steps...", "pipeline_step": "DAG_START"}
{"timestamp": "2026-07-18T15:20:09.226298+00:00", "level": "INFO", "logger": "data_ingestion", "message": "[Prefect Task] Running Data Ingestion sub-routine..."}
{"timestamp": "2026-07-18T15:20:09.226298+00:00", "level": "INFO", "logger": "data_ingestion", "message": "Conductor initializing with metrics tracking...", "pipeline_step": "START"}
{"timestamp": "2026-07-18T15:20:09.230990+00:00", "level": "INFO", "logger": "data_ingestion", "message": "Reading CSV file into memory: users.csv", "pipeline_step": "CSV_EXTRACT"}
{"timestamp": "2026-07-18T15:20:09.279892+00:00", "level": "INFO", "logger": "data_ingestion", "message": "Saved 3,000 rows to data\\raw\\users\\2026-07-18\\users.csv", "pipeline_step": "RAW_SAVE"}
{"timestamp": "2026-07-18T15:20:09.279892+00:00", "level": "INFO", "logger": "data_ingestion", "message": "Reading CSV file into memory: products.csv", "pipeline_step": "CSV_EXTRACT"}
{"timestamp": "2026-07-18T15:20:09.333035+00:00", "level": "INFO", "logger": "data_ingestion", "message": "Saved 728 rows to data\\raw\\products\\2026-07-18\\products.csv", "pipeline_step": "RAW_SAVE"}
{"timestamp": "2026-07-18T15:20:09.334489+00:00", "level": "INFO", "logger": "data_ingestion", "message": "Reading CSV file into memory: reviews.csv", "pipeline_step": "CSV_EXTRACT"}
{"timestamp": "2026-07-18T15:20:09.395876+00:00", "level": "INFO", "logger": "data_ingestion", "message": "Saved 6,327 rows to data\\raw\\reviews\\2026-07-18\\reviews.csv", "pipeline_step": "RAW_SAVE"}
{"timestamp": "2026-07-18T15:20:09.395876+00:00", "level": "INFO", "logger": "data_ingestion", "message": "Reading CSV file into memory: sessions.csv", "pipeline_step": "CSV_EXTRACT"}
{"timestamp": "2026-07-18T15:20:09.485283+00:00", "level": "INFO", "logger": "data_ingestion", "message": "Saved 15,000 rows to data\\raw\\sessions\\2026-07-18\\sessions.csv", "pipeline_step": "RAW_SAVE"}
{"timestamp": "2026-07-18T15:20:09.485283+00:00", "level": "INFO", "logger": "data_ingestion", "message": "Reading CSV file into memory: clickstream.csv", "pipeline_step": "CSV_EXTRACT"}
{"timestamp": "2026-07-18T15:20:10.163104+00:00", "level": "INFO", "logger": "data_ingestion", "message": "Saved 122,114 rows to data\\raw\\clickstream\\2026-07-18\\clickstream.csv", "pipeline_step": "RAW_SAVE"}
{"timestamp": "2026-07-18T15:20:10.172218+00:00", "level": "INFO", "logger": "data_ingestion", "message": "Initiating HTTP GET request to endpoint: https://dummyjson.com/products", "pipeline_step": "API_EXTRACT"}
{"timestamp": "2026-07-18T15:20:10.325074+00:00", "level": "INFO", "logger": "data_ingestion", "message": "Saved JSON payload response out to data\\external\\products_api\\2026-07-18\\products_api.json", "pipeline_step": "EXTERNAL_SAVE"}
{"timestamp": "2026-07-18T15:20:10.327796+00:00", "level": "INFO", "logger": "data_ingestion", "message": "Ingestion cycle complete.", "pipeline_step": "COMPLETE"}
{"timestamp": "2026-07-18T15:20:10.354784+00:00", "level": "INFO", "logger": "data_ingestion", "message": "[Prefect Task] Running Data Validation checks & compiling PDF..."}
{"timestamp": "2026-07-18T15:20:10.356792+00:00", "level": "INFO", "logger": "data_ingestion", "message": "Initializing Data Validation engine...", "pipeline_step": "VALIDATE_START"}
{"timestamp": "2026-07-18T15:20:10.358805+00:00", "level": "INFO", "logger": "data_ingestion", "message": "Profiling raw landing zone data for: [clickstream]", "pipeline_step": "VALIDATE_LOOP"}
{"timestamp": "2026-07-18T15:20:11.107102+00:00", "level": "INFO", "logger": "data_ingestion", "message": "Successfully staged validated copy to data/validated/clickstream/"}
{"timestamp": "2026-07-18T15:20:11.107102+00:00", "level": "INFO", "logger": "data_ingestion", "message": "Profiling raw landing zone data for: [products]", "pipeline_step": "VALIDATE_LOOP"}
{"timestamp": "2026-07-18T15:20:11.202811+00:00", "level": "INFO", "logger": "data_ingestion", "message": "Successfully staged validated copy to data/validated/products/"}
{"timestamp": "2026-07-18T15:20:11.202811+00:00", "level": "INFO", "logger": "data_ingestion", "message": "Profiling raw landing zone data for: [reviews]", "pipeline_step": "VALIDATE_LOOP"}
{"timestamp": "2026-07-18T15:20:11.298182+00:00", "level": "INFO", "logger": "data_ingestion", "message": "Successfully staged validated copy to data/validated/reviews/"}
{"timestamp": "2026-07-18T15:20:11.298182+00:00", "level": "INFO", "logger": "data_ingestion", "message": "Profiling raw landing zone data for: [sessions]", "pipeline_step": "VALIDATE_LOOP"}
{"timestamp": "2026-07-18T15:20:11.427293+00:00", "level": "INFO", "logger": "data_ingestion", "message": "Successfully staged validated copy to data/validated/sessions/"}
{"timestamp": "2026-07-18T15:20:11.427293+00:00", "level": "INFO", "logger": "data_ingestion", "message": "Profiling raw landing zone data for: [users]", "pipeline_step": "VALIDATE_LOOP"}
{"timestamp": "2026-07-18T15:20:11.487040+00:00", "level": "INFO", "logger": "data_ingestion", "message": "Successfully staged validated copy to data/validated/users/"}
{"timestamp": "2026-07-18T15:20:11.495269+00:00", "level": "INFO", "logger": "data_ingestion", "message": "Data Quality Reports written to reports/validation_report.json and .pdf", "pipeline_step": "VALIDATE_END"}
{"timestamp": "2026-07-18T15:20:11.519319+00:00", "level": "INFO", "logger": "data_ingestion", "message": "[Prefect Task] Running Data Cleansing & Normalization scaling..."}
{"timestamp": "2026-07-18T15:20:11.522667+00:00", "level": "INFO", "logger": "data_ingestion", "message": "Initializing Data Preparation engine...", "pipeline_step": "PREPARE_START"}
{"timestamp": "2026-07-18T15:20:11.524679+00:00", "level": "INFO", "logger": "data_ingestion", "message": "Preparing 'users' dataset...", "pipeline_step": "PREPARE_LOOP"}
{"timestamp": "2026-07-18T15:20:11.597861+00:00", "level": "INFO", "logger": "data_ingestion", "message": "Staged cleaned and prepared users table (3000 rows)."}
{"timestamp": "2026-07-18T15:20:11.597861+00:00", "level": "INFO", "logger": "data_ingestion", "message": "Preparing 'products' dataset...", "pipeline_step": "PREPARE_LOOP"}
{"timestamp": "2026-07-18T15:20:11.654896+00:00", "level": "INFO", "logger": "data_ingestion", "message": "Staged cleaned and prepared products table (728 rows)."}
{"timestamp": "2026-07-18T15:20:11.654896+00:00", "level": "INFO", "logger": "data_ingestion", "message": "Preparing 'reviews' dataset...", "pipeline_step": "PREPARE_LOOP"}
{"timestamp": "2026-07-18T15:20:11.744525+00:00", "level": "INFO", "logger": "data_ingestion", "message": "Staged cleaned and prepared reviews table (6327 rows)."}
{"timestamp": "2026-07-18T15:20:11.744525+00:00", "level": "INFO", "logger": "data_ingestion", "message": "Preparing 'sessions' dataset...", "pipeline_step": "PREPARE_LOOP"}
{"timestamp": "2026-07-18T15:20:11.850377+00:00", "level": "INFO", "logger": "data_ingestion", "message": "Staged cleaned and prepared sessions table (15000 rows)."}
{"timestamp": "2026-07-18T15:20:11.850377+00:00", "level": "INFO", "logger": "data_ingestion", "message": "Preparing 'clickstream' dataset...", "pipeline_step": "PREPARE_LOOP"}
{"timestamp": "2026-07-18T15:20:12.738264+00:00", "level": "INFO", "logger": "data_ingestion", "message": "Staged cleaned and prepared clickstream table (122114 rows)."}
{"timestamp": "2026-07-18T15:20:12.739806+00:00", "level": "INFO", "logger": "data_ingestion", "message": "Data Preparation processing routines executed completely.", "pipeline_step": "PREPARE_END"}
{"timestamp": "2026-07-18T15:20:13.538521+00:00", "level": "INFO", "logger": "data_ingestion", "message": "[Prefect Task] Calculating recommendation metrics & writing to SQLite..."}
{"timestamp": "2026-07-18T15:20:13.547076+00:00", "level": "INFO", "logger": "data_ingestion", "message": "Initializing Feature Engineering & Database Transformation engine...", "pipeline_step": "FEATURE_START"}
{"timestamp": "2026-07-18T15:20:13.879300+00:00", "level": "INFO", "logger": "data_ingestion", "message": "Warehouse loaded: {'dim_users': 3000, 'dim_products': 728, 'fact_interactions': 6327}", "pipeline_step": "FEATURE_END"}
{"timestamp": "2026-07-18T15:20:13.879300+00:00", "level": "INFO", "logger": "data_ingestion", "message": "[Prefect Task] Materializing versioned online features..."}
{"timestamp": "2026-07-18T15:20:14.025614+00:00", "level": "INFO", "logger": "data_ingestion", "message": "Materialized 22368 versioned feature values", "pipeline_step": "STORE_COMPLETE"}
{"timestamp": "2026-07-18T15:20:14.036825+00:00", "level": "INFO", "logger": "data_ingestion", "message": "[Prefect Task] Running popularity baselines and TF-IDF similarity matrix..."}
{"timestamp": "2026-07-18T15:20:18.857371+00:00", "level": "INFO", "logger": "data_ingestion", "message": "Model training complete: {'train_interactions': 4465, 'test_interactions': 1862, 'popularity': {'run_id': '0d5717a4dfc64f20bb68c1cd0b2d9f96', 'precision_at_k': 0.0019334049409237381, 'recall_at_k': 0.00966702470461869, 'ndcg_at_k': 0.005733920679757089}, 'content_based': {'run_id': '4e20a0bc00d245dda326e2dbf64ca922', 'precision_at_k': 0.0009667024704618691, 'recall_at_k': 0.004833512352309345, 'ndcg_at_k': 0.003627358956423823}, 'inference_artifact': 'C:\\\\Users\\\\mrudh\\\\BITS WILP\\\\Assignments\\\\Sem 2\\\\DMML\\\\recomart-data-pipeline\\\\artifacts\\\\recommendations.json'}", "pipeline_step": "TRAIN_COMPLETE"}
{"timestamp": "2026-07-18T15:20:18.873776+00:00", "level": "INFO", "logger": "data_ingestion", "message": "[Prefect Task] Generating data lineage manifest..."}
{"timestamp": "2026-07-18T15:20:18.885911+00:00", "level": "INFO", "logger": "data_ingestion", "message": "Compiling project data lineage graph map...", "pipeline_step": "LINEAGE_MAP"}
{"timestamp": "2026-07-18T15:20:18.899052+00:00", "level": "INFO", "logger": "data_ingestion", "message": "Prefect orchestration flow execution completed smoothly.", "pipeline_step": "DAG_SUCCESS"}
{"timestamp": "2026-07-18T15:23:12.100417+00:00", "level": "INFO", "logger": "data_ingestion", "message": "Prefect orchestration flow initializing sequential steps...", "pipeline_step": "DAG_START"}
{"timestamp": "2026-07-18T15:23:12.149435+00:00", "level": "INFO", "logger": "data_ingestion", "message": "[Prefect Task] Running Data Ingestion sub-routine..."}
{"timestamp": "2026-07-18T15:23:12.151445+00:00", "level": "INFO", "logger": "data_ingestion", "message": "Conductor initializing with metrics tracking...", "pipeline_step": "START"}
{"timestamp": "2026-07-18T15:23:12.156529+00:00", "level": "INFO", "logger": "data_ingestion", "message": "Reading CSV file into memory: users.csv", "pipeline_step": "CSV_EXTRACT"}
{"timestamp": "2026-07-18T15:23:12.206648+00:00", "level": "INFO", "logger": "data_ingestion", "message": "Saved 3,000 rows to data\\raw\\users\\2026-07-18\\users.csv", "pipeline_step": "RAW_SAVE"}
{"timestamp": "2026-07-18T15:23:12.214290+00:00", "level": "INFO", "logger": "data_ingestion", "message": "Reading CSV file into memory: products.csv", "pipeline_step": "CSV_EXTRACT"}
{"timestamp": "2026-07-18T15:23:12.283570+00:00", "level": "INFO", "logger": "data_ingestion", "message": "Saved 728 rows to data\\raw\\products\\2026-07-18\\products.csv", "pipeline_step": "RAW_SAVE"}
{"timestamp": "2026-07-18T15:23:12.286863+00:00", "level": "INFO", "logger": "data_ingestion", "message": "Reading CSV file into memory: reviews.csv", "pipeline_step": "CSV_EXTRACT"}
{"timestamp": "2026-07-18T15:23:12.363077+00:00", "level": "INFO", "logger": "data_ingestion", "message": "Saved 6,327 rows to data\\raw\\reviews\\2026-07-18\\reviews.csv", "pipeline_step": "RAW_SAVE"}
{"timestamp": "2026-07-18T15:23:12.374558+00:00", "level": "INFO", "logger": "data_ingestion", "message": "Reading CSV file into memory: sessions.csv", "pipeline_step": "CSV_EXTRACT"}
{"timestamp": "2026-07-18T15:23:12.473523+00:00", "level": "INFO", "logger": "data_ingestion", "message": "Saved 15,000 rows to data\\raw\\sessions\\2026-07-18\\sessions.csv", "pipeline_step": "RAW_SAVE"}
{"timestamp": "2026-07-18T15:23:12.475532+00:00", "level": "INFO", "logger": "data_ingestion", "message": "Reading CSV file into memory: clickstream.csv", "pipeline_step": "CSV_EXTRACT"}
{"timestamp": "2026-07-18T15:23:13.203575+00:00", "level": "INFO", "logger": "data_ingestion", "message": "Saved 122,114 rows to data\\raw\\clickstream\\2026-07-18\\clickstream.csv", "pipeline_step": "RAW_SAVE"}
{"timestamp": "2026-07-18T15:23:13.203575+00:00", "level": "INFO", "logger": "data_ingestion", "message": "Initiating HTTP GET request to endpoint: https://dummyjson.com/products", "pipeline_step": "API_EXTRACT"}
{"timestamp": "2026-07-18T15:23:13.301690+00:00", "level": "INFO", "logger": "data_ingestion", "message": "Saved JSON payload response out to data\\external\\products_api\\2026-07-18\\products_api.json", "pipeline_step": "EXTERNAL_SAVE"}
{"timestamp": "2026-07-18T15:23:13.307717+00:00", "level": "INFO", "logger": "data_ingestion", "message": "Ingestion cycle complete.", "pipeline_step": "COMPLETE"}
{"timestamp": "2026-07-18T15:23:13.338263+00:00", "level": "INFO", "logger": "data_ingestion", "message": "[Prefect Task] Running Data Validation checks & compiling PDF..."}
{"timestamp": "2026-07-18T15:23:13.348574+00:00", "level": "INFO", "logger": "data_ingestion", "message": "Initializing Data Validation engine...", "pipeline_step": "VALIDATE_START"}
{"timestamp": "2026-07-18T15:23:13.348574+00:00", "level": "INFO", "logger": "data_ingestion", "message": "Profiling raw landing zone data for: [clickstream]", "pipeline_step": "VALIDATE_LOOP"}
{"timestamp": "2026-07-18T15:23:14.336268+00:00", "level": "INFO", "logger": "data_ingestion", "message": "Successfully staged validated copy to data/validated/clickstream/"}
{"timestamp": "2026-07-18T15:23:14.338388+00:00", "level": "INFO", "logger": "data_ingestion", "message": "Profiling raw landing zone data for: [products]", "pipeline_step": "VALIDATE_LOOP"}
{"timestamp": "2026-07-18T15:23:14.415726+00:00", "level": "INFO", "logger": "data_ingestion", "message": "Successfully staged validated copy to data/validated/products/"}
{"timestamp": "2026-07-18T15:23:14.422029+00:00", "level": "INFO", "logger": "data_ingestion", "message": "Profiling raw landing zone data for: [reviews]", "pipeline_step": "VALIDATE_LOOP"}
{"timestamp": "2026-07-18T15:23:14.534586+00:00", "level": "INFO", "logger": "data_ingestion", "message": "Successfully staged validated copy to data/validated/reviews/"}
{"timestamp": "2026-07-18T15:23:14.536178+00:00", "level": "INFO", "logger": "data_ingestion", "message": "Profiling raw landing zone data for: [sessions]", "pipeline_step": "VALIDATE_LOOP"}
{"timestamp": "2026-07-18T15:23:14.670705+00:00", "level": "INFO", "logger": "data_ingestion", "message": "Successfully staged validated copy to data/validated/sessions/"}
{"timestamp": "2026-07-18T15:23:14.677078+00:00", "level": "INFO", "logger": "data_ingestion", "message": "Profiling raw landing zone data for: [users]", "pipeline_step": "VALIDATE_LOOP"}
{"timestamp": "2026-07-18T15:23:14.747362+00:00", "level": "INFO", "logger": "data_ingestion", "message": "Successfully staged validated copy to data/validated/users/"}
{"timestamp": "2026-07-18T15:23:14.755723+00:00", "level": "INFO", "logger": "data_ingestion", "message": "Data Quality Reports written to reports/validation_report.json and .pdf", "pipeline_step": "VALIDATE_END"}
{"timestamp": "2026-07-18T15:23:14.792646+00:00", "level": "INFO", "logger": "data_ingestion", "message": "[Prefect Task] Running Data Cleansing & Normalization scaling..."}
{"timestamp": "2026-07-18T15:23:14.792646+00:00", "level": "INFO", "logger": "data_ingestion", "message": "Initializing Data Preparation engine...", "pipeline_step": "PREPARE_START"}
{"timestamp": "2026-07-18T15:23:14.801658+00:00", "level": "INFO", "logger": "data_ingestion", "message": "Preparing 'users' dataset...", "pipeline_step": "PREPARE_LOOP"}
{"timestamp": "2026-07-18T15:23:14.899402+00:00", "level": "INFO", "logger": "data_ingestion", "message": "Staged cleaned and prepared users table (3000 rows)."}
{"timestamp": "2026-07-18T15:23:14.899402+00:00", "level": "INFO", "logger": "data_ingestion", "message": "Preparing 'products' dataset...", "pipeline_step": "PREPARE_LOOP"}
{"timestamp": "2026-07-18T15:23:15.026483+00:00", "level": "INFO", "logger": "data_ingestion", "message": "Staged cleaned and prepared products table (728 rows)."}
{"timestamp": "2026-07-18T15:23:15.026483+00:00", "level": "INFO", "logger": "data_ingestion", "message": "Preparing 'reviews' dataset...", "pipeline_step": "PREPARE_LOOP"}
{"timestamp": "2026-07-18T15:23:15.163056+00:00", "level": "INFO", "logger": "data_ingestion", "message": "Staged cleaned and prepared reviews table (6327 rows)."}
{"timestamp": "2026-07-18T15:23:15.163056+00:00", "level": "INFO", "logger": "data_ingestion", "message": "Preparing 'sessions' dataset...", "pipeline_step": "PREPARE_LOOP"}
{"timestamp": "2026-07-18T15:23:15.304301+00:00", "level": "INFO", "logger": "data_ingestion", "message": "Staged cleaned and prepared sessions table (15000 rows)."}
{"timestamp": "2026-07-18T15:23:15.306309+00:00", "level": "INFO", "logger": "data_ingestion", "message": "Preparing 'clickstream' dataset...", "pipeline_step": "PREPARE_LOOP"}
{"timestamp": "2026-07-18T15:23:16.359927+00:00", "level": "INFO", "logger": "data_ingestion", "message": "Staged cleaned and prepared clickstream table (122114 rows)."}
{"timestamp": "2026-07-18T15:23:16.359927+00:00", "level": "INFO", "logger": "data_ingestion", "message": "Data Preparation processing routines executed completely.", "pipeline_step": "PREPARE_END"}
{"timestamp": "2026-07-18T15:23:17.199993+00:00", "level": "INFO", "logger": "data_ingestion", "message": "[Prefect Task] Calculating recommendation metrics & writing to SQLite..."}
{"timestamp": "2026-07-18T15:23:17.207775+00:00", "level": "INFO", "logger": "data_ingestion", "message": "Initializing Feature Engineering & Database Transformation engine...", "pipeline_step": "FEATURE_START"}
{"timestamp": "2026-07-18T15:23:17.519437+00:00", "level": "INFO", "logger": "data_ingestion", "message": "Warehouse loaded: {'dim_users': 3000, 'dim_products': 728, 'fact_interactions': 6327}", "pipeline_step": "FEATURE_END"}
{"timestamp": "2026-07-18T15:23:17.534781+00:00", "level": "INFO", "logger": "data_ingestion", "message": "[Prefect Task] Materializing versioned online features..."}
{"timestamp": "2026-07-18T15:23:17.698155+00:00", "level": "INFO", "logger": "data_ingestion", "message": "Materialized 22368 versioned feature values", "pipeline_step": "STORE_COMPLETE"}
{"timestamp": "2026-07-18T15:23:17.704179+00:00", "level": "INFO", "logger": "data_ingestion", "message": "[Prefect Task] Running popularity baselines and TF-IDF similarity matrix..."}
{"timestamp": "2026-07-18T15:23:24.245833+00:00", "level": "INFO", "logger": "data_ingestion", "message": "Model training complete: {'train_interactions': 4465, 'test_interactions': 1862, 'popularity': {'run_id': 'f2efa24771654b72a7a2aea263efc631', 'precision_at_k': 0.0019334049409237381, 'recall_at_k': 0.00966702470461869, 'ndcg_at_k': 0.005733920679757089}, 'content_based': {'run_id': 'd1c073895a77427da43f80a829b64f2c', 'precision_at_k': 0.0009667024704618691, 'recall_at_k': 0.004833512352309345, 'ndcg_at_k': 0.003627358956423823}, 'inference_artifact': 'C:\\\\Users\\\\mrudh\\\\BITS WILP\\\\Assignments\\\\Sem 2\\\\DMML\\\\recomart-data-pipeline\\\\artifacts\\\\recommendations.json'}", "pipeline_step": "TRAIN_COMPLETE"}
{"timestamp": "2026-07-18T15:23:24.262020+00:00", "level": "INFO", "logger": "data_ingestion", "message": "[Prefect Task] Generating data lineage manifest..."}
{"timestamp": "2026-07-18T15:23:24.267038+00:00", "level": "INFO", "logger": "data_ingestion", "message": "Compiling project data lineage graph map...", "pipeline_step": "LINEAGE_MAP"}
{"timestamp": "2026-07-18T15:23:24.285632+00:00", "level": "INFO", "logger": "data_ingestion", "message": "Prefect orchestration flow execution completed smoothly.", "pipeline_step": "DAG_SUCCESS"}
{"timestamp": "2026-07-18T15:27:43.961201+00:00", "level": "INFO", "logger": "data_ingestion", "message": "Initializing Data Validation engine...", "pipeline_step": "VALIDATE_START"}
{"timestamp": "2026-07-18T15:27:43.961201+00:00", "level": "INFO", "logger": "data_ingestion", "message": "Profiling raw landing zone data for: [clickstream]", "pipeline_step": "VALIDATE_LOOP"}
{"timestamp": "2026-07-18T15:27:45.225087+00:00", "level": "INFO", "logger": "data_ingestion", "message": "Successfully staged validated copy to data/validated/clickstream/"}
{"timestamp": "2026-07-18T15:27:45.225087+00:00", "level": "INFO", "logger": "data_ingestion", "message": "Profiling raw landing zone data for: [products]", "pipeline_step": "VALIDATE_LOOP"}
{"timestamp": "2026-07-18T15:27:45.286296+00:00", "level": "INFO", "logger": "data_ingestion", "message": "Successfully staged validated copy to data/validated/products/"}
{"timestamp": "2026-07-18T15:27:45.287719+00:00", "level": "INFO", "logger": "data_ingestion", "message": "Profiling raw landing zone data for: [reviews]", "pipeline_step": "VALIDATE_LOOP"}
{"timestamp": "2026-07-18T15:27:45.438716+00:00", "level": "INFO", "logger": "data_ingestion", "message": "Successfully staged validated copy to data/validated/reviews/"}
{"timestamp": "2026-07-18T15:27:45.442241+00:00", "level": "INFO", "logger": "data_ingestion", "message": "Profiling raw landing zone data for: [sessions]", "pipeline_step": "VALIDATE_LOOP"}
{"timestamp": "2026-07-18T15:27:45.583325+00:00", "level": "INFO", "logger": "data_ingestion", "message": "Successfully staged validated copy to data/validated/sessions/"}
{"timestamp": "2026-07-18T15:27:45.583325+00:00", "level": "INFO", "logger": "data_ingestion", "message": "Profiling raw landing zone data for: [users]", "pipeline_step": "VALIDATE_LOOP"}
{"timestamp": "2026-07-18T15:27:45.618290+00:00", "level": "INFO", "logger": "data_ingestion", "message": "Successfully staged validated copy to data/validated/users/"}
{"timestamp": "2026-07-18T15:27:45.632243+00:00", "level": "INFO", "logger": "data_ingestion", "message": "Data Quality Reports written to reports/validation_report.json and .pdf", "pipeline_step": "VALIDATE_END"}
